{"/home/travis/build/npmtest/node-npmtest-jsbarcode/test.js":{"path":"/home/travis/build/npmtest/node-npmtest-jsbarcode/test.js","s":{"1":2,"2":2,"3":2,"4":2,"5":2,"6":2,"7":2,"8":1,"9":2,"10":2,"11":1,"12":1,"13":1,"14":1,"15":2,"16":2,"17":2,"18":2,"19":1,"20":1,"21":2,"22":2,"23":2,"24":1,"25":1,"26":1,"27":1,"28":1,"29":1,"30":1,"31":1,"32":1,"33":1,"34":1,"35":1,"36":1,"37":1,"38":1,"39":2,"40":2,"41":1,"42":2,"43":2,"44":1,"45":2,"46":2,"47":1,"48":2,"49":2,"50":1,"51":1,"52":1,"53":1,"54":1},"b":{"1":[2,1,1,1],"2":[1,1,1,1],"3":[1,1],"4":[1,1],"5":[1,1],"6":[1,1],"7":[1,1],"8":[1,1],"9":[1,1],"10":[1,1,1],"11":[1,1],"12":[1,1],"13":[1,1],"14":[1,1],"15":[1,1],"16":[1,1],"17":[1,1]},"f":{"1":2,"2":2,"3":2,"4":2,"5":2,"6":1,"7":1,"8":1,"9":2,"10":2,"11":2,"12":2,"13":1},"fnMap":{"1":{"name":"(anonymous_1)","line":12,"loc":{"start":{"line":12,"column":1},"end":{"line":12,"column":13}}},"2":{"name":"(anonymous_2)","line":19,"loc":{"start":{"line":19,"column":5},"end":{"line":19,"column":17}}},"3":{"name":"(anonymous_3)","line":23,"loc":{"start":{"line":23,"column":24},"end":{"line":23,"column":36}}},"4":{"name":"(anonymous_4)","line":61,"loc":{"start":{"line":61,"column":5},"end":{"line":61,"column":17}}},"5":{"name":"(anonymous_5)","line":82,"loc":{"start":{"line":82,"column":5},"end":{"line":82,"column":17}}},"6":{"name":"(anonymous_6)","line":91,"loc":{"start":{"line":91,"column":77},"end":{"line":94,"column":10}}},"7":{"name":"(anonymous_7)","line":112,"loc":{"start":{"line":112,"column":83},"end":{"line":115,"column":10}},"skip":true},"8":{"name":"(anonymous_8)","line":123,"loc":{"start":{"line":123,"column":77},"end":{"line":126,"column":10}},"skip":true},"9":{"name":"(anonymous_9)","line":139,"loc":{"start":{"line":139,"column":12},"end":{"line":139,"column":40}},"skip":true},"10":{"name":"(anonymous_10)","line":147,"loc":{"start":{"line":147,"column":77},"end":{"line":150,"column":10}},"skip":true},"11":{"name":"(anonymous_11)","line":158,"loc":{"start":{"line":158,"column":83},"end":{"line":161,"column":10}},"skip":true},"12":{"name":"(anonymous_12)","line":169,"loc":{"start":{"line":169,"column":79},"end":{"line":172,"column":10}},"skip":true},"13":{"name":"(anonymous_13)","line":180,"loc":{"start":{"line":180,"column":75},"end":{"line":183,"column":10}},"skip":true}},"statementMap":{"1":{"start":{"line":12,"column":0},"end":{"line":195,"column":5}},"2":{"start":{"line":14,"column":4},"end":{"line":14,"column":14}},"3":{"start":{"line":19,"column":4},"end":{"line":56,"column":9}},"4":{"start":{"line":21,"column":8},"end":{"line":21,"column":19}},"5":{"start":{"line":23,"column":8},"end":{"line":35,"column":13}},"6":{"start":{"line":24,"column":12},"end":{"line":34,"column":13}},"7":{"start":{"line":25,"column":16},"end":{"line":28,"column":30}},"8":{"start":{"line":30,"column":16},"end":{"line":33,"column":27}},"9":{"start":{"line":37,"column":8},"end":{"line":39,"column":21}},"10":{"start":{"line":40,"column":8},"end":{"line":53,"column":9}},"11":{"start":{"line":43,"column":12},"end":{"line":46,"column":14}},"12":{"start":{"line":47,"column":12},"end":{"line":47,"column":18}},"13":{"start":{"line":50,"column":12},"end":{"line":51,"column":33}},"14":{"start":{"line":52,"column":12},"end":{"line":52,"column":18}},"15":{"start":{"line":55,"column":8},"end":{"line":55,"column":35}},"16":{"start":{"line":61,"column":4},"end":{"line":63,"column":9}},"17":{"start":{"line":62,"column":8},"end":{"line":62,"column":15}},"18":{"start":{"line":64,"column":4},"end":{"line":77,"column":5}},"19":{"start":{"line":70,"column":8},"end":{"line":70,"column":14}},"20":{"start":{"line":76,"column":8},"end":{"line":76,"column":14}},"21":{"start":{"line":82,"column":4},"end":{"line":84,"column":9}},"22":{"start":{"line":83,"column":8},"end":{"line":83,"column":15}},"23":{"start":{"line":85,"column":4},"end":{"line":194,"column":5}},"24":{"start":{"line":91,"column":8},"end":{"line":99,"column":10}},"25":{"start":{"line":98,"column":12},"end":{"line":98,"column":35}},"26":{"start":{"line":102,"column":8},"end":{"line":104,"column":63}},"27":{"start":{"line":105,"column":8},"end":{"line":105,"column":14}},"28":{"start":{"line":112,"column":8},"end":{"line":121,"column":10},"skip":true},"29":{"start":{"line":119,"column":12},"end":{"line":119,"column":55},"skip":true},"30":{"start":{"line":120,"column":12},"end":{"line":120,"column":48},"skip":true},"31":{"start":{"line":123,"column":8},"end":{"line":136,"column":10},"skip":true},"32":{"start":{"line":130,"column":12},"end":{"line":130,"column":76},"skip":true},"33":{"start":{"line":131,"column":12},"end":{"line":131,"column":73},"skip":true},"34":{"start":{"line":132,"column":12},"end":{"line":132,"column":74},"skip":true},"35":{"start":{"line":133,"column":12},"end":{"line":133,"column":79},"skip":true},"36":{"start":{"line":134,"column":12},"end":{"line":134,"column":25},"skip":true},"37":{"start":{"line":135,"column":12},"end":{"line":135,"column":45},"skip":true},"38":{"start":{"line":138,"column":8},"end":{"line":145,"column":14},"skip":true},"39":{"start":{"line":143,"column":16},"end":{"line":143,"column":29},"skip":true},"40":{"start":{"line":144,"column":16},"end":{"line":144,"column":55},"skip":true},"41":{"start":{"line":147,"column":8},"end":{"line":156,"column":10},"skip":true},"42":{"start":{"line":154,"column":12},"end":{"line":154,"column":25},"skip":true},"43":{"start":{"line":155,"column":12},"end":{"line":155,"column":45},"skip":true},"44":{"start":{"line":158,"column":8},"end":{"line":167,"column":10},"skip":true},"45":{"start":{"line":165,"column":12},"end":{"line":165,"column":25},"skip":true},"46":{"start":{"line":166,"column":12},"end":{"line":166,"column":48},"skip":true},"47":{"start":{"line":169,"column":8},"end":{"line":178,"column":10},"skip":true},"48":{"start":{"line":176,"column":12},"end":{"line":176,"column":25},"skip":true},"49":{"start":{"line":177,"column":12},"end":{"line":177,"column":46},"skip":true},"50":{"start":{"line":180,"column":8},"end":{"line":189,"column":10},"skip":true},"51":{"start":{"line":187,"column":12},"end":{"line":187,"column":94},"skip":true},"52":{"start":{"line":188,"column":12},"end":{"line":188,"column":48},"skip":true},"53":{"start":{"line":192,"column":8},"end":{"line":192,"column":35},"skip":true},"54":{"start":{"line":193,"column":8},"end":{"line":193,"column":14},"skip":true}},"branchMap":{"1":{"line":25,"type":"binary-expr","locations":[{"start":{"line":25,"column":23},"end":{"line":25,"column":62}},{"start":{"line":26,"column":20},"end":{"line":26,"column":70}},{"start":{"line":27,"column":20},"end":{"line":27,"column":71}},{"start":{"line":28,"column":20},"end":{"line":28,"column":29}}]},"2":{"line":30,"type":"binary-expr","locations":[{"start":{"line":30,"column":23},"end":{"line":30,"column":37}},{"start":{"line":31,"column":20},"end":{"line":31,"column":61}},{"start":{"line":32,"column":20},"end":{"line":32,"column":70}},{"start":{"line":33,"column":20},"end":{"line":33,"column":26}}]},"3":{"line":37,"type":"cond-expr","locations":[{"start":{"line":38,"column":14},"end":{"line":38,"column":20}},{"start":{"line":39,"column":14},"end":{"line":39,"column":20}}]},"4":{"line":40,"type":"switch","locations":[{"start":{"line":42,"column":8},"end":{"line":47,"column":18}},{"start":{"line":49,"column":8},"end":{"line":52,"column":18}}]},"5":{"line":44,"type":"binary-expr","locations":[{"start":{"line":44,"column":16},"end":{"line":44,"column":44}},{"start":{"line":44,"column":48},"end":{"line":44,"column":66}}]},"6":{"line":50,"type":"binary-expr","locations":[{"start":{"line":50,"column":21},"end":{"line":50,"column":49}},{"start":{"line":50,"column":53},"end":{"line":50,"column":72}}]},"7":{"line":64,"type":"switch","locations":[{"start":{"line":69,"column":4},"end":{"line":70,"column":14}},{"start":{"line":75,"column":4},"end":{"line":76,"column":14}}]},"8":{"line":85,"type":"switch","locations":[{"start":{"line":90,"column":4},"end":{"line":105,"column":14}},{"start":{"line":111,"column":4},"end":{"line":193,"column":14},"skip":true}]},"9":{"line":91,"type":"binary-expr","locations":[{"start":{"line":91,"column":42},"end":{"line":91,"column":73}},{"start":{"line":91,"column":77},"end":{"line":99,"column":9}}]},"10":{"line":102,"type":"binary-expr","locations":[{"start":{"line":102,"column":18},"end":{"line":102,"column":32}},{"start":{"line":103,"column":12},"end":{"line":103,"column":53}},{"start":{"line":104,"column":12},"end":{"line":104,"column":61}}]},"11":{"line":112,"type":"binary-expr","locations":[{"start":{"line":112,"column":45},"end":{"line":112,"column":79},"skip":true},{"start":{"line":112,"column":83},"end":{"line":121,"column":9},"skip":true}]},"12":{"line":123,"type":"binary-expr","locations":[{"start":{"line":123,"column":42},"end":{"line":123,"column":73},"skip":true},{"start":{"line":123,"column":77},"end":{"line":136,"column":9},"skip":true}]},"13":{"line":138,"type":"binary-expr","locations":[{"start":{"line":138,"column":48},"end":{"line":138,"column":85},"skip":true},{"start":{"line":139,"column":12},"end":{"line":145,"column":13},"skip":true}]},"14":{"line":147,"type":"binary-expr","locations":[{"start":{"line":147,"column":42},"end":{"line":147,"column":73},"skip":true},{"start":{"line":147,"column":77},"end":{"line":156,"column":9},"skip":true}]},"15":{"line":158,"type":"binary-expr","locations":[{"start":{"line":158,"column":45},"end":{"line":158,"column":79},"skip":true},{"start":{"line":158,"column":83},"end":{"line":167,"column":9},"skip":true}]},"16":{"line":169,"type":"binary-expr","locations":[{"start":{"line":169,"column":43},"end":{"line":169,"column":75},"skip":true},{"start":{"line":169,"column":79},"end":{"line":178,"column":9},"skip":true}]},"17":{"line":180,"type":"binary-expr","locations":[{"start":{"line":180,"column":41},"end":{"line":180,"column":71},"skip":true},{"start":{"line":180,"column":75},"end":{"line":189,"column":9},"skip":true}]}},"code":["/* istanbul instrument in package npmtest_jsbarcode */","/*jslint","    bitwise: true,","    browser: true,","    maxerr: 8,","    maxlen: 96,","    node: true,","    nomen: true,","    regexp: true,","    stupid: true","*/","(function () {","    'use strict';","    var local;","","","","    // run shared js-env code - init-before","    (function () {","        // init local","        local = {};","        // init modeJs","        local.modeJs = (function () {","            try {","                return typeof navigator.userAgent === 'string' &&","                    typeof document.querySelector('body') === 'object' &&","                    typeof XMLHttpRequest.prototype.open === 'function' &&","                    'browser';","            } catch (errorCaughtBrowser) {","                return module.exports &&","                    typeof process.versions.node === 'string' &&","                    typeof require('http').createServer === 'function' &&","                    'node';","            }","        }());","        // init global","        local.global = local.modeJs === 'browser'","            ? window","            : global;","        switch (local.modeJs) {","        // re-init local from window.local","        case 'browser':","            local = local.global.utility2.objectSetDefault(","                local.global.utility2_rollup || local.global.local,","                local.global.utility2","            );","            break;","        // re-init local from example.js","        case 'node':","            local = (local.global.utility2_rollup || require('utility2'))","                .requireReadme();","            break;","        }","        // export local","        local.global.local = local;","    }());","","","","    // run shared js-env code - function","    (function () {","        return;","    }());","    switch (local.modeJs) {","","","","    // run browser js-env code - function","    case 'browser':","        break;","","","","    // run node js-env code - function","    case 'node':","        break;","    }","","","","    // run shared js-env code - init-after","    (function () {","        return;","    }());","    switch (local.modeJs) {","","","","    // run browser js-env code - init-after","    case 'browser':","        local.testCase_browser_nullCase = local.testCase_browser_nullCase || function (","            options,","            onError","        ) {","        /*","         * this function will test browsers's null-case handling-behavior-behavior","         */","            onError(null, options);","        };","","        // run tests","        local.nop(local.modeTest &&","            document.querySelector('#testRunButton1') &&","            document.querySelector('#testRunButton1').click());","        break;","","","","    // run node js-env code - init-after","    /* istanbul ignore next */","    case 'node':","        local.testCase_buildApidoc_default = local.testCase_buildApidoc_default || function (","            options,","            onError","        ) {","        /*","         * this function will test buildApidoc's default handling-behavior-behavior","         */","            options = { modulePathList: module.paths };","            local.buildApidoc(options, onError);","        };","","        local.testCase_buildApp_default = local.testCase_buildApp_default || function (","            options,","            onError","        ) {","        /*","         * this function will test buildApp's default handling-behavior-behavior","         */","            local.testCase_buildReadme_default(options, local.onErrorThrow);","            local.testCase_buildLib_default(options, local.onErrorThrow);","            local.testCase_buildTest_default(options, local.onErrorThrow);","            local.testCase_buildCustomOrg_default(options, local.onErrorThrow);","            options = [];","            local.buildApp(options, onError);","        };","","        local.testCase_buildCustomOrg_default = local.testCase_buildCustomOrg_default ||","            function (options, onError) {","            /*","             * this function will test buildCustomOrg's default handling-behavior","             */","                options = {};","                local.buildCustomOrg(options, onError);","            };","","        local.testCase_buildLib_default = local.testCase_buildLib_default || function (","            options,","            onError","        ) {","        /*","         * this function will test buildLib's default handling-behavior","         */","            options = {};","            local.buildLib(options, onError);","        };","","        local.testCase_buildReadme_default = local.testCase_buildReadme_default || function (","            options,","            onError","        ) {","        /*","         * this function will test buildReadme's default handling-behavior-behavior","         */","            options = {};","            local.buildReadme(options, onError);","        };","","        local.testCase_buildTest_default = local.testCase_buildTest_default || function (","            options,","            onError","        ) {","        /*","         * this function will test buildTest's default handling-behavior","         */","            options = {};","            local.buildTest(options, onError);","        };","","        local.testCase_webpage_default = local.testCase_webpage_default || function (","            options,","            onError","        ) {","        /*","         * this function will test webpage's default handling-behavior","         */","            options = { modeCoverageMerge: true, url: local.serverLocalHost + '?modeTest=1' };","            local.browserTest(options, onError);","        };","","        // run test-server","        local.testRunServer(local);","        break;","    }","}());",""],"l":{"12":2,"14":2,"19":2,"21":2,"23":2,"24":2,"25":2,"30":1,"37":2,"40":2,"43":1,"47":1,"50":1,"52":1,"55":2,"61":2,"62":2,"64":2,"70":1,"76":1,"82":2,"83":2,"85":2,"91":1,"98":1,"102":1,"105":1,"112":1,"119":1,"120":1,"123":1,"130":1,"131":1,"132":1,"133":1,"134":1,"135":1,"138":1,"143":2,"144":2,"147":1,"154":2,"155":2,"158":1,"165":2,"166":2,"169":1,"176":2,"177":2,"180":1,"187":1,"188":1,"192":1,"193":1}},"/home/travis/build/npmtest/node-npmtest-jsbarcode/lib.npmtest_jsbarcode.js":{"path":"/home/travis/build/npmtest/node-npmtest-jsbarcode/lib.npmtest_jsbarcode.js","s":{"1":2,"2":2,"3":2,"4":2,"5":2,"6":2,"7":2,"8":1,"9":2,"10":2,"11":2,"12":2,"13":1,"14":1,"15":1,"16":1},"b":{"1":[2,1,1,1],"2":[1,1,1,1],"3":[1,1],"4":[2,2],"5":[1,1]},"f":{"1":2,"2":2,"3":2},"fnMap":{"1":{"name":"(anonymous_1)","line":12,"loc":{"start":{"line":12,"column":1},"end":{"line":12,"column":13}}},"2":{"name":"(anonymous_2)","line":19,"loc":{"start":{"line":19,"column":5},"end":{"line":19,"column":17}}},"3":{"name":"(anonymous_3)","line":23,"loc":{"start":{"line":23,"column":24},"end":{"line":23,"column":36}}}},"statementMap":{"1":{"start":{"line":12,"column":0},"end":{"line":53,"column":5}},"2":{"start":{"line":14,"column":4},"end":{"line":14,"column":14}},"3":{"start":{"line":19,"column":4},"end":{"line":52,"column":9}},"4":{"start":{"line":21,"column":8},"end":{"line":21,"column":19}},"5":{"start":{"line":23,"column":8},"end":{"line":35,"column":13}},"6":{"start":{"line":24,"column":12},"end":{"line":34,"column":13}},"7":{"start":{"line":25,"column":16},"end":{"line":28,"column":30}},"8":{"start":{"line":30,"column":16},"end":{"line":33,"column":27}},"9":{"start":{"line":37,"column":8},"end":{"line":39,"column":21}},"10":{"start":{"line":41,"column":8},"end":{"line":41,"column":54}},"11":{"start":{"line":43,"column":8},"end":{"line":43,"column":54}},"12":{"start":{"line":45,"column":8},"end":{"line":51,"column":9}},"13":{"start":{"line":46,"column":12},"end":{"line":46,"column":60}},"14":{"start":{"line":48,"column":12},"end":{"line":48,"column":35}},"15":{"start":{"line":49,"column":12},"end":{"line":49,"column":49}},"16":{"start":{"line":50,"column":12},"end":{"line":50,"column":43}}},"branchMap":{"1":{"line":25,"type":"binary-expr","locations":[{"start":{"line":25,"column":23},"end":{"line":25,"column":62}},{"start":{"line":26,"column":20},"end":{"line":26,"column":70}},{"start":{"line":27,"column":20},"end":{"line":27,"column":71}},{"start":{"line":28,"column":20},"end":{"line":28,"column":29}}]},"2":{"line":30,"type":"binary-expr","locations":[{"start":{"line":30,"column":23},"end":{"line":30,"column":37}},{"start":{"line":31,"column":20},"end":{"line":31,"column":61}},{"start":{"line":32,"column":20},"end":{"line":32,"column":70}},{"start":{"line":33,"column":20},"end":{"line":33,"column":26}}]},"3":{"line":37,"type":"cond-expr","locations":[{"start":{"line":38,"column":14},"end":{"line":38,"column":20}},{"start":{"line":39,"column":14},"end":{"line":39,"column":20}}]},"4":{"line":41,"type":"binary-expr","locations":[{"start":{"line":41,"column":16},"end":{"line":41,"column":44}},{"start":{"line":41,"column":48},"end":{"line":41,"column":53}}]},"5":{"line":45,"type":"if","locations":[{"start":{"line":45,"column":8},"end":{"line":45,"column":8}},{"start":{"line":45,"column":8},"end":{"line":45,"column":8}}]}},"code":["/* istanbul instrument in package npmtest_jsbarcode */","/*jslint","    bitwise: true,","    browser: true,","    maxerr: 8,","    maxlen: 96,","    node: true,","    nomen: true,","    regexp: true,","    stupid: true","*/","(function () {","    'use strict';","    var local;","","","","    // run shared js-env code - init-before","    (function () {","        // init local","        local = {};","        // init modeJs","        local.modeJs = (function () {","            try {","                return typeof navigator.userAgent === 'string' &&","                    typeof document.querySelector('body') === 'object' &&","                    typeof XMLHttpRequest.prototype.open === 'function' &&","                    'browser';","            } catch (errorCaughtBrowser) {","                return module.exports &&","                    typeof process.versions.node === 'string' &&","                    typeof require('http').createServer === 'function' &&","                    'node';","            }","        }());","        // init global","        local.global = local.modeJs === 'browser'","            ? window","            : global;","        // init utility2_rollup","        local = local.global.utility2_rollup || local;","        // init lib","        local.local = local.npmtest_jsbarcode = local;","        // init exports","        if (local.modeJs === 'browser') {","            local.global.utility2_npmtest_jsbarcode = local;","        } else {","            module.exports = local;","            module.exports.__dirname = __dirname;","            module.exports.module = module;","        }","    }());","}());",""],"l":{"12":2,"14":2,"19":2,"21":2,"23":2,"24":2,"25":2,"30":1,"37":2,"41":2,"43":2,"45":2,"46":1,"48":1,"49":1,"50":1}},"/home/travis/build/npmtest/node-npmtest-jsbarcode/example.js":{"path":"/home/travis/build/npmtest/node-npmtest-jsbarcode/example.js","s":{"1":2,"2":2,"3":2,"4":2,"5":2,"6":2,"7":2,"8":1,"9":2,"10":2,"11":2,"12":2,"13":1,"14":2,"15":2,"16":2,"17":2,"18":2,"19":0,"20":2,"21":1,"22":1,"23":1,"24":1,"25":1,"26":0,"27":0,"28":1,"29":1,"30":2,"31":0,"32":0,"33":0,"34":1,"35":2,"36":2,"37":3,"38":3,"39":3,"40":3,"41":0,"42":3,"43":3,"44":3,"45":1,"46":3,"47":1,"48":1,"49":1,"50":1,"51":1,"52":1,"53":1,"54":1,"55":1,"56":1,"57":0,"58":1,"59":6,"60":6,"61":1,"62":2,"63":0,"64":2,"65":1,"66":1,"67":0,"68":0,"69":0,"70":0,"71":0,"72":0,"73":0,"74":0,"75":0,"76":0,"77":0,"78":0,"79":0,"80":0,"81":0,"82":0,"83":0},"b":{"1":[2,1,1,1],"2":[1,1,1,1],"3":[1,1],"4":[2,2],"5":[1,1],"6":[1,1],"7":[2,0],"8":[2,1,1,1,1,1],"9":[0,2,0],"10":[1,1],"11":[2,1,1],"12":[1,0],"13":[0,2],"14":[2,0,0,0,0,0,0],"15":[0,3],"16":[3,0],"17":[1,1],"18":[0,1],"19":[1,2,0,2],"20":[1,0],"21":[1,1],"22":[0,0],"23":[0,0],"24":[0,0],"25":[0,0],"26":[0,0],"27":[0,0],"28":[0,0]},"f":{"1":2,"2":2,"3":2,"4":2,"5":2,"6":2,"7":3,"8":3,"9":3,"10":1,"11":6,"12":0},"fnMap":{"1":{"name":"(anonymous_1)","line":26,"loc":{"start":{"line":26,"column":1},"end":{"line":26,"column":13}}},"2":{"name":"(anonymous_2)","line":33,"loc":{"start":{"line":33,"column":5},"end":{"line":33,"column":17}}},"3":{"name":"(anonymous_3)","line":37,"loc":{"start":{"line":37,"column":24},"end":{"line":37,"column":36}}},"4":{"name":"(anonymous_4)","line":69,"loc":{"start":{"line":69,"column":31},"end":{"line":69,"column":48}},"skip":true},"5":{"name":"(anonymous_5)","line":78,"loc":{"start":{"line":78,"column":26},"end":{"line":78,"column":45}},"skip":true},"6":{"name":"(anonymous_6)","line":123,"loc":{"start":{"line":123,"column":33},"end":{"line":123,"column":48}},"skip":true},"7":{"name":"(anonymous_7)","line":125,"loc":{"start":{"line":125,"column":27},"end":{"line":125,"column":39}},"skip":true},"8":{"name":"(anonymous_8)","line":133,"loc":{"start":{"line":133,"column":59},"end":{"line":133,"column":74}},"skip":true},"9":{"name":"(anonymous_9)","line":143,"loc":{"start":{"line":143,"column":45},"end":{"line":143,"column":62}},"skip":true},"10":{"name":"(anonymous_10)","line":144,"loc":{"start":{"line":144,"column":73},"end":{"line":144,"column":92}},"skip":true},"11":{"name":"(anonymous_11)","line":272,"loc":{"start":{"line":272,"column":51},"end":{"line":272,"column":77}},"skip":true},"12":{"name":"(anonymous_12)","line":315,"loc":{"start":{"line":315,"column":32},"end":{"line":315,"column":61}},"skip":true}},"statementMap":{"1":{"start":{"line":26,"column":0},"end":{"line":326,"column":5}},"2":{"start":{"line":28,"column":4},"end":{"line":28,"column":14}},"3":{"start":{"line":33,"column":4},"end":{"line":60,"column":9}},"4":{"start":{"line":35,"column":8},"end":{"line":35,"column":19}},"5":{"start":{"line":37,"column":8},"end":{"line":49,"column":13}},"6":{"start":{"line":38,"column":12},"end":{"line":48,"column":13}},"7":{"start":{"line":39,"column":16},"end":{"line":42,"column":30}},"8":{"start":{"line":44,"column":16},"end":{"line":47,"column":27}},"9":{"start":{"line":51,"column":8},"end":{"line":53,"column":21}},"10":{"start":{"line":55,"column":8},"end":{"line":57,"column":45}},"11":{"start":{"line":59,"column":8},"end":{"line":59,"column":35}},"12":{"start":{"line":61,"column":4},"end":{"line":325,"column":5}},"13":{"start":{"line":69,"column":8},"end":{"line":121,"column":10},"skip":true},"14":{"start":{"line":70,"column":12},"end":{"line":88,"column":13},"skip":true},"15":{"start":{"line":76,"column":16},"end":{"line":87,"column":19},"skip":true},"16":{"start":{"line":79,"column":20},"end":{"line":86,"column":21},"skip":true},"17":{"start":{"line":82,"column":24},"end":{"line":82,"column":43},"skip":true},"18":{"start":{"line":83,"column":24},"end":{"line":83,"column":30},"skip":true},"19":{"start":{"line":85,"column":24},"end":{"line":85,"column":49},"skip":true},"20":{"start":{"line":89,"column":12},"end":{"line":107,"column":13},"skip":true},"21":{"start":{"line":92,"column":16},"end":{"line":102,"column":17},"skip":true},"22":{"start":{"line":93,"column":20},"end":{"line":93,"column":86},"skip":true},"23":{"start":{"line":94,"column":20},"end":{"line":95,"column":45},"skip":true},"24":{"start":{"line":96,"column":20},"end":{"line":96,"column":42},"skip":true},"25":{"start":{"line":97,"column":20},"end":{"line":97,"column":48},"skip":true},"26":{"start":{"line":100,"column":20},"end":{"line":100,"column":85},"skip":true},"27":{"start":{"line":101,"column":20},"end":{"line":101,"column":96},"skip":true},"28":{"start":{"line":103,"column":16},"end":{"line":103,"column":22},"skip":true},"29":{"start":{"line":106,"column":16},"end":{"line":106,"column":22},"skip":true},"30":{"start":{"line":108,"column":12},"end":{"line":120,"column":13},"skip":true},"31":{"start":{"line":114,"column":16},"end":{"line":119,"column":17},"skip":true},"32":{"start":{"line":116,"column":20},"end":{"line":116,"column":78},"skip":true},"33":{"start":{"line":118,"column":20},"end":{"line":118,"column":47},"skip":true},"34":{"start":{"line":123,"column":8},"end":{"line":141,"column":11},"skip":true},"35":{"start":{"line":124,"column":12},"end":{"line":124,"column":54},"skip":true},"36":{"start":{"line":125,"column":12},"end":{"line":140,"column":14},"skip":true},"37":{"start":{"line":126,"column":16},"end":{"line":126,"column":28},"skip":true},"38":{"start":{"line":127,"column":16},"end":{"line":127,"column":69},"skip":true},"39":{"start":{"line":128,"column":16},"end":{"line":128,"column":75},"skip":true},"40":{"start":{"line":129,"column":16},"end":{"line":131,"column":17},"skip":true},"41":{"start":{"line":130,"column":20},"end":{"line":130,"column":27},"skip":true},"42":{"start":{"line":133,"column":16},"end":{"line":137,"column":36},"skip":true},"43":{"start":{"line":134,"column":20},"end":{"line":136,"column":55},"skip":true},"44":{"start":{"line":139,"column":16},"end":{"line":139,"column":57},"skip":true},"45":{"start":{"line":143,"column":8},"end":{"line":147,"column":11},"skip":true},"46":{"start":{"line":144,"column":12},"end":{"line":146,"column":15},"skip":true},"47":{"start":{"line":145,"column":16},"end":{"line":145,"column":70},"skip":true},"48":{"start":{"line":149,"column":8},"end":{"line":149,"column":31},"skip":true},"49":{"start":{"line":150,"column":8},"end":{"line":150,"column":14},"skip":true},"50":{"start":{"line":158,"column":8},"end":{"line":158,"column":31},"skip":true},"51":{"start":{"line":160,"column":8},"end":{"line":160,"column":33},"skip":true},"52":{"start":{"line":161,"column":8},"end":{"line":161,"column":37},"skip":true},"53":{"start":{"line":162,"column":8},"end":{"line":162,"column":35},"skip":true},"54":{"start":{"line":164,"column":8},"end":{"line":164,"column":50},"skip":true},"55":{"start":{"line":166,"column":8},"end":{"line":256,"column":2},"skip":true},"56":{"start":{"line":258,"column":8},"end":{"line":286,"column":9},"skip":true},"57":{"start":{"line":259,"column":12},"end":{"line":269,"column":14},"skip":true},"58":{"start":{"line":271,"column":12},"end":{"line":285,"column":19},"skip":true},"59":{"start":{"line":274,"column":20},"end":{"line":274,"column":35},"skip":true},"60":{"start":{"line":275,"column":20},"end":{"line":284,"column":21},"skip":true},"61":{"start":{"line":277,"column":24},"end":{"line":277,"column":64},"skip":true},"62":{"start":{"line":279,"column":24},"end":{"line":279,"column":40},"skip":true},"63":{"start":{"line":281,"column":24},"end":{"line":281,"column":40},"skip":true},"64":{"start":{"line":283,"column":24},"end":{"line":283,"column":39},"skip":true},"65":{"start":{"line":288,"column":8},"end":{"line":290,"column":9},"skip":true},"66":{"start":{"line":289,"column":12},"end":{"line":289,"column":18},"skip":true},"67":{"start":{"line":291,"column":8},"end":{"line":293,"column":54},"skip":true},"68":{"start":{"line":296,"column":8},"end":{"line":301,"column":37},"skip":true},"69":{"start":{"line":303,"column":8},"end":{"line":303,"column":82},"skip":true},"70":{"start":{"line":306,"column":8},"end":{"line":308,"column":9},"skip":true},"71":{"start":{"line":307,"column":12},"end":{"line":307,"column":82},"skip":true},"72":{"start":{"line":310,"column":8},"end":{"line":312,"column":9},"skip":true},"73":{"start":{"line":311,"column":12},"end":{"line":311,"column":18},"skip":true},"74":{"start":{"line":313,"column":8},"end":{"line":313,"column":54},"skip":true},"75":{"start":{"line":314,"column":8},"end":{"line":314,"column":69},"skip":true},"76":{"start":{"line":315,"column":8},"end":{"line":323,"column":36},"skip":true},"77":{"start":{"line":316,"column":12},"end":{"line":316,"column":61},"skip":true},"78":{"start":{"line":317,"column":12},"end":{"line":320,"column":13},"skip":true},"79":{"start":{"line":318,"column":16},"end":{"line":318,"column":75},"skip":true},"80":{"start":{"line":319,"column":16},"end":{"line":319,"column":23},"skip":true},"81":{"start":{"line":321,"column":12},"end":{"line":321,"column":38},"skip":true},"82":{"start":{"line":322,"column":12},"end":{"line":322,"column":27},"skip":true},"83":{"start":{"line":324,"column":8},"end":{"line":324,"column":14},"skip":true}},"branchMap":{"1":{"line":39,"type":"binary-expr","locations":[{"start":{"line":39,"column":23},"end":{"line":39,"column":62}},{"start":{"line":40,"column":20},"end":{"line":40,"column":70}},{"start":{"line":41,"column":20},"end":{"line":41,"column":71}},{"start":{"line":42,"column":20},"end":{"line":42,"column":29}}]},"2":{"line":44,"type":"binary-expr","locations":[{"start":{"line":44,"column":23},"end":{"line":44,"column":37}},{"start":{"line":45,"column":20},"end":{"line":45,"column":61}},{"start":{"line":46,"column":20},"end":{"line":46,"column":70}},{"start":{"line":47,"column":20},"end":{"line":47,"column":26}}]},"3":{"line":51,"type":"cond-expr","locations":[{"start":{"line":52,"column":14},"end":{"line":52,"column":20}},{"start":{"line":53,"column":14},"end":{"line":53,"column":20}}]},"4":{"line":55,"type":"binary-expr","locations":[{"start":{"line":55,"column":16},"end":{"line":55,"column":44}},{"start":{"line":55,"column":49},"end":{"line":57,"column":43}}]},"5":{"line":55,"type":"cond-expr","locations":[{"start":{"line":56,"column":14},"end":{"line":56,"column":53}},{"start":{"line":57,"column":14},"end":{"line":57,"column":43}}]},"6":{"line":61,"type":"switch","locations":[{"start":{"line":68,"column":4},"end":{"line":150,"column":14},"skip":true},{"start":{"line":156,"column":4},"end":{"line":324,"column":14},"skip":true}]},"7":{"line":70,"type":"if","locations":[{"start":{"line":70,"column":12},"end":{"line":70,"column":12},"skip":true},{"start":{"line":70,"column":12},"end":{"line":70,"column":12},"skip":true}]},"8":{"line":70,"type":"binary-expr","locations":[{"start":{"line":70,"column":16},"end":{"line":70,"column":22},"skip":true},{"start":{"line":70,"column":27},"end":{"line":70,"column":32},"skip":true},{"start":{"line":71,"column":20},"end":{"line":71,"column":39},"skip":true},{"start":{"line":72,"column":20},"end":{"line":72,"column":49},"skip":true},{"start":{"line":73,"column":20},"end":{"line":73,"column":58},"skip":true},{"start":{"line":74,"column":20},"end":{"line":74,"column":69},"skip":true}]},"9":{"line":79,"type":"switch","locations":[{"start":{"line":80,"column":20},"end":{"line":80,"column":33},"skip":true},{"start":{"line":81,"column":20},"end":{"line":83,"column":30},"skip":true},{"start":{"line":84,"column":20},"end":{"line":85,"column":49},"skip":true}]},"10":{"line":89,"type":"switch","locations":[{"start":{"line":90,"column":12},"end":{"line":103,"column":22},"skip":true},{"start":{"line":105,"column":12},"end":{"line":106,"column":22},"skip":true}]},"11":{"line":89,"type":"binary-expr","locations":[{"start":{"line":89,"column":20},"end":{"line":89,"column":25},"skip":true},{"start":{"line":89,"column":29},"end":{"line":89,"column":48},"skip":true},{"start":{"line":89,"column":52},"end":{"line":89,"column":74},"skip":true}]},"12":{"line":92,"type":"if","locations":[{"start":{"line":92,"column":16},"end":{"line":92,"column":16},"skip":true},{"start":{"line":92,"column":16},"end":{"line":92,"column":16},"skip":true}]},"13":{"line":108,"type":"if","locations":[{"start":{"line":108,"column":12},"end":{"line":108,"column":12},"skip":true},{"start":{"line":108,"column":12},"end":{"line":108,"column":12},"skip":true}]},"14":{"line":108,"type":"binary-expr","locations":[{"start":{"line":108,"column":16},"end":{"line":108,"column":61},"skip":true},{"start":{"line":108,"column":66},"end":{"line":108,"column":72},"skip":true},{"start":{"line":108,"column":77},"end":{"line":108,"column":82},"skip":true},{"start":{"line":109,"column":20},"end":{"line":109,"column":39},"skip":true},{"start":{"line":110,"column":20},"end":{"line":110,"column":49},"skip":true},{"start":{"line":111,"column":20},"end":{"line":111,"column":58},"skip":true},{"start":{"line":112,"column":20},"end":{"line":112,"column":68},"skip":true}]},"15":{"line":129,"type":"if","locations":[{"start":{"line":129,"column":16},"end":{"line":129,"column":16},"skip":true},{"start":{"line":129,"column":16},"end":{"line":129,"column":16},"skip":true}]},"16":{"line":134,"type":"cond-expr","locations":[{"start":{"line":135,"column":26},"end":{"line":135,"column":29},"skip":true},{"start":{"line":136,"column":26},"end":{"line":136,"column":54},"skip":true}]},"17":{"line":164,"type":"binary-expr","locations":[{"start":{"line":164,"column":27},"end":{"line":164,"column":43},"skip":true},{"start":{"line":164,"column":47},"end":{"line":164,"column":49},"skip":true}]},"18":{"line":258,"type":"if","locations":[{"start":{"line":258,"column":8},"end":{"line":258,"column":8},"skip":true},{"start":{"line":258,"column":8},"end":{"line":258,"column":8},"skip":true}]},"19":{"line":275,"type":"switch","locations":[{"start":{"line":276,"column":20},"end":{"line":277,"column":64},"skip":true},{"start":{"line":278,"column":20},"end":{"line":279,"column":40},"skip":true},{"start":{"line":280,"column":20},"end":{"line":281,"column":40},"skip":true},{"start":{"line":282,"column":20},"end":{"line":283,"column":39},"skip":true}]},"20":{"line":288,"type":"if","locations":[{"start":{"line":288,"column":8},"end":{"line":288,"column":8},"skip":true},{"start":{"line":288,"column":8},"end":{"line":288,"column":8},"skip":true}]},"21":{"line":288,"type":"binary-expr","locations":[{"start":{"line":288,"column":12},"end":{"line":288,"column":40},"skip":true},{"start":{"line":288,"column":44},"end":{"line":288,"column":67},"skip":true}]},"22":{"line":292,"type":"binary-expr","locations":[{"start":{"line":292,"column":12},"end":{"line":292,"column":50},"skip":true},{"start":{"line":293,"column":12},"end":{"line":293,"column":53},"skip":true}]},"23":{"line":297,"type":"binary-expr","locations":[{"start":{"line":297,"column":12},"end":{"line":297,"column":67},"skip":true},{"start":{"line":298,"column":12},"end":{"line":301,"column":36},"skip":true}]},"24":{"line":303,"type":"binary-expr","locations":[{"start":{"line":303,"column":43},"end":{"line":303,"column":75},"skip":true},{"start":{"line":303,"column":79},"end":{"line":303,"column":81},"skip":true}]},"25":{"line":306,"type":"if","locations":[{"start":{"line":306,"column":8},"end":{"line":306,"column":8},"skip":true},{"start":{"line":306,"column":8},"end":{"line":306,"column":8},"skip":true}]},"26":{"line":310,"type":"if","locations":[{"start":{"line":310,"column":8},"end":{"line":310,"column":8},"skip":true},{"start":{"line":310,"column":8},"end":{"line":310,"column":8},"skip":true}]},"27":{"line":313,"type":"binary-expr","locations":[{"start":{"line":313,"column":27},"end":{"line":313,"column":43},"skip":true},{"start":{"line":313,"column":47},"end":{"line":313,"column":53},"skip":true}]},"28":{"line":317,"type":"if","locations":[{"start":{"line":317,"column":12},"end":{"line":317,"column":12},"skip":true},{"start":{"line":317,"column":12},"end":{"line":317,"column":12},"skip":true}]}},"code":["/*","example.js","","quickstart example","","instruction","    1. save this script as example.js","    2. run the shell command:","        $ npm install npmtest-jsbarcode && PORT=8081 node example.js","    3. play with the browser-demo on http://127.0.0.1:8081","*/","","","","/* istanbul instrument in package npmtest_jsbarcode */","/*jslint","    bitwise: true,","    browser: true,","    maxerr: 8,","    maxlen: 96,","    node: true,","    nomen: true,","    regexp: true,","    stupid: true","*/","(function () {","    'use strict';","    var local;","","","","    // run shared js-env code - init-before","    (function () {","        // init local","        local = {};","        // init modeJs","        local.modeJs = (function () {","            try {","                return typeof navigator.userAgent === 'string' &&","                    typeof document.querySelector('body') === 'object' &&","                    typeof XMLHttpRequest.prototype.open === 'function' &&","                    'browser';","            } catch (errorCaughtBrowser) {","                return module.exports &&","                    typeof process.versions.node === 'string' &&","                    typeof require('http').createServer === 'function' &&","                    'node';","            }","        }());","        // init global","        local.global = local.modeJs === 'browser'","            ? window","            : global;","        // init utility2_rollup","        local = local.global.utility2_rollup || (local.modeJs === 'browser'","            ? local.global.utility2_npmtest_jsbarcode","            : global.utility2_moduleExports);","        // export local","        local.global.local = local;","    }());","    switch (local.modeJs) {","","","","    // init-after","    // run browser js-env code - init-after","    /* istanbul ignore next */","    case 'browser':","        local.testRunBrowser = function (event) {","            if (!event || (event &&","                    event.currentTarget &&","                    event.currentTarget.className &&","                    event.currentTarget.className.includes &&","                    event.currentTarget.className.includes('onreset'))) {","                // reset output","                Array.from(","                    document.querySelectorAll('body > .resettable')","                ).forEach(function (element) {","                    switch (element.tagName) {","                    case 'INPUT':","                    case 'TEXTAREA':","                        element.value = '';","                        break;","                    default:","                        element.textContent = '';","                    }","                });","            }","            switch (event && event.currentTarget && event.currentTarget.id) {","            case 'testRunButton1':","                // show tests","                if (document.querySelector('#testReportDiv1').style.display === 'none') {","                    document.querySelector('#testReportDiv1').style.display = 'block';","                    document.querySelector('#testRunButton1').textContent =","                        'hide internal test';","                    local.modeTest = true;","                    local.testRunDefault(local);","                // hide tests","                } else {","                    document.querySelector('#testReportDiv1').style.display = 'none';","                    document.querySelector('#testRunButton1').textContent = 'run internal test';","                }","                break;","            // custom-case","            default:","                break;","            }","            if (document.querySelector('#inputTextareaEval1') && (!event || (event &&","                    event.currentTarget &&","                    event.currentTarget.className &&","                    event.currentTarget.className.includes &&","                    event.currentTarget.className.includes('oneval')))) {","                // try to eval input-code","                try {","                    /*jslint evil: true*/","                    eval(document.querySelector('#inputTextareaEval1').value);","                } catch (errorCaught) {","                    console.error(errorCaught);","                }","            }","        };","        // log stderr and stdout to #outputTextareaStdout1","        ['error', 'log'].forEach(function (key) {","            console[key + '_original'] = console[key];","            console[key] = function () {","                var element;","                console[key + '_original'].apply(console, arguments);","                element = document.querySelector('#outputTextareaStdout1');","                if (!element) {","                    return;","                }","                // append text to #outputTextareaStdout1","                element.value += Array.from(arguments).map(function (arg) {","                    return typeof arg === 'string'","                        ? arg","                        : JSON.stringify(arg, null, 4);","                }).join(' ') + '\\n';","                // scroll textarea to bottom","                element.scrollTop = element.scrollHeight;","            };","        });","        // init event-handling","        ['change', 'click', 'keyup'].forEach(function (event) {","            Array.from(document.querySelectorAll('.on' + event)).forEach(function (element) {","                element.addEventListener(event, local.testRunBrowser);","            });","        });","        // run tests","        local.testRunBrowser();","        break;","","","","    // run node js-env code - init-after","    /* istanbul ignore next */","    case 'node':","        // export local","        module.exports = local;","        // require modules","        local.fs = require('fs');","        local.http = require('http');","        local.url = require('url');","        // init assets","        local.assetsDict = local.assetsDict || {};","        /* jslint-ignore-begin */","        local.assetsDict['/assets.index.template.html'] = '\\","<!doctype html>\\n\\","<html lang=\"en\">\\n\\","<head>\\n\\","<meta charset=\"UTF-8\">\\n\\","<meta name=\"viewport\" content=\"width=device-width, initial-scale=1\">\\n\\","<title>{{env.npm_package_name}} (v{{env.npm_package_version}})</title>\\n\\","<style>\\n\\","/*csslint\\n\\","    box-sizing: false,\\n\\","    universal-selector: false\\n\\","*/\\n\\","* {\\n\\","    box-sizing: border-box;\\n\\","}\\n\\","body {\\n\\","    background: #dde;\\n\\","    font-family: Arial, Helvetica, sans-serif;\\n\\","    margin: 2rem;\\n\\","}\\n\\","body > * {\\n\\","    margin-bottom: 1rem;\\n\\","}\\n\\",".utility2FooterDiv {\\n\\","    margin-top: 20px;\\n\\","    text-align: center;\\n\\","}\\n\\","</style>\\n\\","<style>\\n\\","/*csslint\\n\\","*/\\n\\","textarea {\\n\\","    font-family: monospace;\\n\\","    height: 10rem;\\n\\","    width: 100%;\\n\\","}\\n\\","textarea[readonly] {\\n\\","    background: #ddd;\\n\\","}\\n\\","</style>\\n\\","</head>\\n\\","<body>\\n\\","<!-- utility2-comment\\n\\","<div id=\"ajaxProgressDiv1\" style=\"background: #d00; height: 2px; left: 0; margin: 0; padding: 0; position: fixed; top: 0; transition: background 0.5s, width 1.5s; width: 25%;\"></div>\\n\\","utility2-comment -->\\n\\","<h1>\\n\\","<!-- utility2-comment\\n\\","    <a\\n\\","        {{#if env.npm_package_homepage}}\\n\\","        href=\"{{env.npm_package_homepage}}\"\\n\\","        {{/if env.npm_package_homepage}}\\n\\","        target=\"_blank\"\\n\\","    >\\n\\","utility2-comment -->\\n\\","        {{env.npm_package_name}} (v{{env.npm_package_version}})\\n\\","<!-- utility2-comment\\n\\","    </a>\\n\\","utility2-comment -->\\n\\","</h1>\\n\\","<h3>{{env.npm_package_description}}</h3>\\n\\","<!-- utility2-comment\\n\\","<h4><a download href=\"assets.app.js\">download standalone app</a></h4>\\n\\","<button class=\"onclick onreset\" id=\"testRunButton1\">run internal test</button><br>\\n\\","<div id=\"testReportDiv1\" style=\"display: none;\"></div>\\n\\","utility2-comment -->\\n\\","\\n\\","\\n\\","\\n\\","<label>stderr and stdout</label>\\n\\","<textarea class=\"resettable\" id=\"outputTextareaStdout1\" readonly></textarea>\\n\\","<!-- utility2-comment\\n\\","{{#if isRollup}}\\n\\","<script src=\"assets.app.js\"></script>\\n\\","{{#unless isRollup}}\\n\\","utility2-comment -->\\n\\","<script src=\"assets.utility2.rollup.js\"></script>\\n\\","<script src=\"jsonp.utility2._stateInit?callback=window.utility2._stateInit\"></script>\\n\\","<script src=\"assets.npmtest_jsbarcode.rollup.js\"></script>\\n\\","<script src=\"assets.example.js\"></script>\\n\\","<script src=\"assets.test.js\"></script>\\n\\","<!-- utility2-comment\\n\\","{{/if isRollup}}\\n\\","utility2-comment -->\\n\\","<div class=\"utility2FooterDiv\">\\n\\","    [ this app was created with\\n\\","    <a href=\"https://github.com/kaizhu256/node-utility2\" target=\"_blank\">utility2</a>\\n\\","    ]\\n\\","</div>\\n\\","</body>\\n\\","</html>\\n\\","';","        /* jslint-ignore-end */","        if (local.templateRender) {","            local.assetsDict['/'] = local.templateRender(","                local.assetsDict['/assets.index.template.html'],","                {","                    env: local.objectSetDefault(local.env, {","                        npm_package_description: 'the greatest app in the world!',","                        npm_package_name: 'my-app',","                        npm_package_nameAlias: 'my_app',","                        npm_package_version: '0.0.1'","                    })","                }","            );","        } else {","            local.assetsDict['/'] = local.assetsDict['/assets.index.template.html']","                .replace((/\\{\\{env\\.(\\w+?)\\}\\}/g), function (match0, match1) {","                    // jslint-hack","                    String(match0);","                    switch (match1) {","                    case 'npm_package_description':","                        return 'the greatest app in the world!';","                    case 'npm_package_name':","                        return 'my-app';","                    case 'npm_package_nameAlias':","                        return 'my_app';","                    case 'npm_package_version':","                        return '0.0.1';","                    }","                });","        }","        // run the cli","        if (local.global.utility2_rollup || module !== require.main) {","            break;","        }","        local.assetsDict['/assets.example.js'] =","            local.assetsDict['/assets.example.js'] ||","            local.fs.readFileSync(__filename, 'utf8');","        // bug-workaround - long $npm_package_buildCustomOrg","        /* jslint-ignore-begin */","        local.assetsDict['/assets.npmtest_jsbarcode.rollup.js'] =","            local.assetsDict['/assets.npmtest_jsbarcode.rollup.js'] ||","            local.fs.readFileSync(","                local.npmtest_jsbarcode.__dirname + '/lib.npmtest_jsbarcode.js',","                'utf8'","            ).replace((/^#!/), '//');","        /* jslint-ignore-end */","        local.assetsDict['/favicon.ico'] = local.assetsDict['/favicon.ico'] || '';","        // if $npm_config_timeout_exit exists,","        // then exit this process after $npm_config_timeout_exit ms","        if (Number(process.env.npm_config_timeout_exit)) {","            setTimeout(process.exit, Number(process.env.npm_config_timeout_exit));","        }","        // start server","        if (local.global.utility2_serverHttp1) {","            break;","        }","        process.env.PORT = process.env.PORT || '8081';","        console.error('server starting on port ' + process.env.PORT);","        local.http.createServer(function (request, response) {","            request.urlParsed = local.url.parse(request.url);","            if (local.assetsDict[request.urlParsed.pathname] !== undefined) {","                response.end(local.assetsDict[request.urlParsed.pathname]);","                return;","            }","            response.statusCode = 404;","            response.end();","        }).listen(process.env.PORT);","        break;","    }","}());",""],"l":{"26":2,"28":2,"33":2,"35":2,"37":2,"38":2,"39":2,"44":1,"51":2,"55":2,"59":2,"61":2,"69":1,"70":2,"76":2,"79":2,"82":2,"83":2,"85":1,"89":2,"92":1,"93":1,"94":1,"96":1,"97":1,"100":1,"101":1,"103":1,"106":1,"108":2,"114":1,"116":1,"118":1,"123":1,"124":2,"125":2,"126":3,"127":3,"128":3,"129":3,"130":1,"133":3,"134":3,"139":3,"143":1,"144":3,"145":1,"149":1,"150":1,"158":1,"160":1,"161":1,"162":1,"164":1,"166":1,"258":1,"259":1,"271":1,"274":6,"275":6,"277":1,"279":2,"281":1,"283":2,"288":1,"289":1,"291":1,"296":1,"303":1,"306":1,"307":1,"310":1,"311":1,"313":1,"314":1,"315":1,"316":1,"317":1,"318":1,"319":1,"321":1,"322":1,"324":1}},"/home/travis/build/npmtest/node-npmtest-jsbarcode/node_modules/jsbarcode/bin/JsBarcode.js":{"path":"/home/travis/build/npmtest/node-npmtest-jsbarcode/node_modules/jsbarcode/bin/JsBarcode.js","s":{"1":1,"2":1,"3":1,"4":1,"5":1,"6":1,"7":1,"8":1,"9":1,"10":1,"11":1,"12":1,"13":1,"14":1,"15":1,"16":1,"17":1,"18":1,"19":8,"20":1,"21":1,"22":0,"23":0,"24":0,"25":0,"26":0,"27":0,"28":0,"29":0,"30":0,"31":0,"32":0,"33":0,"34":0,"35":1,"36":0,"37":1,"38":20,"39":20,"40":1,"41":20,"42":0,"43":0,"44":0,"45":0,"46":0,"47":0,"48":0,"49":0,"50":0,"51":1,"52":0,"53":0,"54":0,"55":0,"56":0,"57":0,"58":0,"59":0,"60":0,"61":1,"62":0,"63":0,"64":0,"65":1,"66":0,"67":0,"68":1,"69":0,"70":0,"71":0,"72":1,"73":0,"74":0,"75":0,"76":0,"77":0,"78":0,"79":0,"80":0,"81":0,"82":0,"83":0,"84":0,"85":0,"86":0,"87":0,"88":1,"89":0,"90":0,"91":0,"92":0,"93":0,"94":0,"95":0,"96":1,"97":1,"98":0,"99":0,"100":0,"101":0,"102":0,"103":0,"104":0,"105":0,"106":0,"107":0,"108":1,"109":0,"110":1,"111":0,"112":0,"113":0,"114":0,"115":0,"116":1},"b":{"1":[8,0],"2":[8,8],"3":[0,0],"4":[0,0],"5":[0,0],"6":[0,0],"7":[20,0],"8":[0,0],"9":[0,0],"10":[0,0],"11":[0,0],"12":[0,0],"13":[0,0],"14":[0,0],"15":[0,0],"16":[0,0],"17":[0,1],"18":[0,1]},"f":{"1":8,"2":0,"3":0,"4":0,"5":20,"6":0,"7":0,"8":0,"9":0,"10":0,"11":0,"12":0,"13":0,"14":0,"15":0,"16":0,"17":0},"fnMap":{"1":{"name":"_interopRequireDefault","line":37,"loc":{"start":{"line":37,"column":0},"end":{"line":37,"column":37}}},"2":{"name":"API","line":43,"loc":{"start":{"line":43,"column":10},"end":{"line":43,"column":25}}},"3":{"name":"JsBarcode","line":55,"loc":{"start":{"line":55,"column":16},"end":{"line":55,"column":59}}},"4":{"name":"(anonymous_4)","line":83,"loc":{"start":{"line":83,"column":22},"end":{"line":83,"column":38}}},"5":{"name":"registerBarcode","line":94,"loc":{"start":{"line":94,"column":0},"end":{"line":94,"column":41}}},"6":{"name":"(anonymous_6)","line":95,"loc":{"start":{"line":95,"column":95},"end":{"line":95,"column":120}}},"7":{"name":"(anonymous_7)","line":97,"loc":{"start":{"line":97,"column":43},"end":{"line":97,"column":55}}},"8":{"name":"encode","line":113,"loc":{"start":{"line":113,"column":0},"end":{"line":113,"column":40}}},"9":{"name":"autoSelectBarcode","line":140,"loc":{"start":{"line":140,"column":0},"end":{"line":140,"column":29}}},"10":{"name":"(anonymous_10)","line":152,"loc":{"start":{"line":152,"column":24},"end":{"line":152,"column":43}}},"11":{"name":"(anonymous_11)","line":158,"loc":{"start":{"line":158,"column":22},"end":{"line":158,"column":38}}},"12":{"name":"(anonymous_12)","line":165,"loc":{"start":{"line":165,"column":21},"end":{"line":165,"column":33}}},"13":{"name":"(anonymous_13)","line":185,"loc":{"start":{"line":185,"column":37},"end":{"line":185,"column":49}}},"14":{"name":"(anonymous_14)","line":196,"loc":{"start":{"line":196,"column":23},"end":{"line":196,"column":35}}},"15":{"name":"render","line":215,"loc":{"start":{"line":215,"column":0},"end":{"line":215,"column":54}}},"16":{"name":"(anonymous_16)","line":242,"loc":{"start":{"line":242,"column":23},"end":{"line":242,"column":51}}},"17":{"name":"(anonymous_17)","line":244,"loc":{"start":{"line":244,"column":20},"end":{"line":244,"column":32}}}},"statementMap":{"1":{"start":{"line":3,"column":0},"end":{"line":3,"column":39}},"2":{"start":{"line":5,"column":0},"end":{"line":5,"column":51}},"3":{"start":{"line":7,"column":0},"end":{"line":7,"column":40}},"4":{"start":{"line":9,"column":0},"end":{"line":9,"column":45}},"5":{"start":{"line":11,"column":0},"end":{"line":11,"column":66}},"6":{"start":{"line":13,"column":0},"end":{"line":13,"column":71}},"7":{"start":{"line":15,"column":0},"end":{"line":15,"column":50}},"8":{"start":{"line":17,"column":0},"end":{"line":17,"column":55}},"9":{"start":{"line":19,"column":0},"end":{"line":19,"column":68}},"10":{"start":{"line":21,"column":0},"end":{"line":21,"column":73}},"11":{"start":{"line":23,"column":0},"end":{"line":23,"column":66}},"12":{"start":{"line":25,"column":0},"end":{"line":25,"column":71}},"13":{"start":{"line":27,"column":0},"end":{"line":27,"column":60}},"14":{"start":{"line":29,"column":0},"end":{"line":29,"column":59}},"15":{"start":{"line":31,"column":0},"end":{"line":31,"column":56}},"16":{"start":{"line":33,"column":0},"end":{"line":33,"column":49}},"17":{"start":{"line":35,"column":0},"end":{"line":35,"column":51}},"18":{"start":{"line":37,"column":0},"end":{"line":37,"column":95}},"19":{"start":{"line":37,"column":39},"end":{"line":37,"column":93}},"20":{"start":{"line":43,"column":0},"end":{"line":43,"column":28}},"21":{"start":{"line":55,"column":0},"end":{"line":80,"column":2}},"22":{"start":{"line":56,"column":1},"end":{"line":56,"column":21}},"23":{"start":{"line":58,"column":1},"end":{"line":60,"column":2}},"24":{"start":{"line":59,"column":2},"end":{"line":59,"column":55}},"25":{"start":{"line":63,"column":1},"end":{"line":63,"column":69}},"26":{"start":{"line":64,"column":1},"end":{"line":64,"column":21}},"27":{"start":{"line":65,"column":1},"end":{"line":65,"column":35}},"28":{"start":{"line":66,"column":1},"end":{"line":66,"column":53}},"29":{"start":{"line":69,"column":1},"end":{"line":77,"column":2}},"30":{"start":{"line":70,"column":2},"end":{"line":70,"column":26}},"31":{"start":{"line":72,"column":2},"end":{"line":74,"column":3}},"32":{"start":{"line":73,"column":3},"end":{"line":73,"column":40}},"33":{"start":{"line":76,"column":2},"end":{"line":76,"column":63}},"34":{"start":{"line":79,"column":1},"end":{"line":79,"column":12}},"35":{"start":{"line":83,"column":0},"end":{"line":85,"column":2}},"36":{"start":{"line":84,"column":1},"end":{"line":84,"column":33}},"37":{"start":{"line":88,"column":0},"end":{"line":93,"column":1}},"38":{"start":{"line":89,"column":1},"end":{"line":92,"column":2}},"39":{"start":{"line":91,"column":2},"end":{"line":91,"column":44}},"40":{"start":{"line":94,"column":0},"end":{"line":110,"column":1}},"41":{"start":{"line":95,"column":1},"end":{"line":109,"column":3}},"42":{"start":{"line":96,"column":2},"end":{"line":96,"column":17}},"43":{"start":{"line":97,"column":2},"end":{"line":108,"column":5}},"44":{"start":{"line":99,"column":3},"end":{"line":99,"column":86}},"45":{"start":{"line":101,"column":3},"end":{"line":101,"column":64}},"46":{"start":{"line":102,"column":3},"end":{"line":102,"column":62}},"47":{"start":{"line":103,"column":3},"end":{"line":103,"column":32}},"48":{"start":{"line":104,"column":3},"end":{"line":104,"column":51}},"49":{"start":{"line":105,"column":3},"end":{"line":105,"column":32}},"50":{"start":{"line":107,"column":3},"end":{"line":107,"column":14}},"51":{"start":{"line":113,"column":0},"end":{"line":138,"column":1}},"52":{"start":{"line":115,"column":1},"end":{"line":115,"column":18}},"53":{"start":{"line":117,"column":1},"end":{"line":117,"column":42}},"54":{"start":{"line":121,"column":1},"end":{"line":123,"column":2}},"55":{"start":{"line":122,"column":2},"end":{"line":122,"column":78}},"56":{"start":{"line":126,"column":1},"end":{"line":126,"column":32}},"57":{"start":{"line":130,"column":1},"end":{"line":130,"column":54}},"58":{"start":{"line":133,"column":1},"end":{"line":135,"column":2}},"59":{"start":{"line":134,"column":2},"end":{"line":134,"column":73}},"60":{"start":{"line":137,"column":1},"end":{"line":137,"column":16}},"61":{"start":{"line":140,"column":0},"end":{"line":148,"column":1}},"62":{"start":{"line":142,"column":1},"end":{"line":144,"column":2}},"63":{"start":{"line":143,"column":2},"end":{"line":143,"column":19}},"64":{"start":{"line":147,"column":1},"end":{"line":147,"column":43}},"65":{"start":{"line":152,"column":0},"end":{"line":155,"column":2}},"66":{"start":{"line":153,"column":1},"end":{"line":153,"column":62}},"67":{"start":{"line":154,"column":1},"end":{"line":154,"column":13}},"68":{"start":{"line":158,"column":0},"end":{"line":162,"column":2}},"69":{"start":{"line":159,"column":1},"end":{"line":159,"column":31}},"70":{"start":{"line":160,"column":1},"end":{"line":160,"column":40}},"71":{"start":{"line":161,"column":1},"end":{"line":161,"column":13}},"72":{"start":{"line":165,"column":0},"end":{"line":193,"column":2}},"73":{"start":{"line":167,"column":1},"end":{"line":169,"column":2}},"74":{"start":{"line":168,"column":2},"end":{"line":168,"column":9}},"75":{"start":{"line":172,"column":1},"end":{"line":174,"column":2}},"76":{"start":{"line":173,"column":2},"end":{"line":173,"column":52}},"77":{"start":{"line":176,"column":1},"end":{"line":176,"column":20}},"78":{"start":{"line":177,"column":1},"end":{"line":192,"column":2}},"79":{"start":{"line":178,"column":2},"end":{"line":178,"column":45}},"80":{"start":{"line":179,"column":2},"end":{"line":179,"column":76}},"81":{"start":{"line":181,"column":2},"end":{"line":183,"column":3}},"82":{"start":{"line":182,"column":3},"end":{"line":182,"column":40}},"83":{"start":{"line":185,"column":2},"end":{"line":191,"column":5}},"84":{"start":{"line":186,"column":3},"end":{"line":186,"column":28}},"85":{"start":{"line":187,"column":3},"end":{"line":187,"column":66}},"86":{"start":{"line":188,"column":3},"end":{"line":188,"column":48}},"87":{"start":{"line":190,"column":3},"end":{"line":190,"column":44}},"88":{"start":{"line":196,"column":0},"end":{"line":210,"column":2}},"89":{"start":{"line":197,"column":1},"end":{"line":199,"column":2}},"90":{"start":{"line":198,"column":2},"end":{"line":198,"column":45}},"91":{"start":{"line":201,"column":1},"end":{"line":207,"column":2}},"92":{"start":{"line":202,"column":2},"end":{"line":204,"column":3}},"93":{"start":{"line":203,"column":3},"end":{"line":203,"column":69}},"94":{"start":{"line":206,"column":2},"end":{"line":206,"column":65}},"95":{"start":{"line":209,"column":1},"end":{"line":209,"column":13}},"96":{"start":{"line":212,"column":0},"end":{"line":212,"column":45}},"97":{"start":{"line":215,"column":0},"end":{"line":232,"column":1}},"98":{"start":{"line":216,"column":1},"end":{"line":216,"column":58}},"99":{"start":{"line":218,"column":1},"end":{"line":221,"column":2}},"100":{"start":{"line":219,"column":2},"end":{"line":219,"column":77}},"101":{"start":{"line":220,"column":2},"end":{"line":220,"column":50}},"102":{"start":{"line":223,"column":1},"end":{"line":223,"column":36}},"103":{"start":{"line":225,"column":1},"end":{"line":225,"column":42}},"104":{"start":{"line":226,"column":1},"end":{"line":226,"column":75}},"105":{"start":{"line":227,"column":1},"end":{"line":227,"column":19}},"106":{"start":{"line":229,"column":1},"end":{"line":231,"column":2}},"107":{"start":{"line":230,"column":2},"end":{"line":230,"column":33}},"108":{"start":{"line":235,"column":0},"end":{"line":237,"column":1}},"109":{"start":{"line":236,"column":1},"end":{"line":236,"column":30}},"110":{"start":{"line":241,"column":0},"end":{"line":249,"column":1}},"111":{"start":{"line":242,"column":1},"end":{"line":248,"column":3}},"112":{"start":{"line":243,"column":2},"end":{"line":243,"column":24}},"113":{"start":{"line":244,"column":2},"end":{"line":246,"column":5}},"114":{"start":{"line":245,"column":3},"end":{"line":245,"column":27}},"115":{"start":{"line":247,"column":2},"end":{"line":247,"column":51}},"116":{"start":{"line":252,"column":0},"end":{"line":252,"column":27}}},"branchMap":{"1":{"line":37,"type":"cond-expr","locations":[{"start":{"line":37,"column":70},"end":{"line":37,"column":73}},{"start":{"line":37,"column":76},"end":{"line":37,"column":92}}]},"2":{"line":37,"type":"binary-expr","locations":[{"start":{"line":37,"column":46},"end":{"line":37,"column":49}},{"start":{"line":37,"column":53},"end":{"line":37,"column":67}}]},"3":{"line":58,"type":"if","locations":[{"start":{"line":58,"column":1},"end":{"line":58,"column":1}},{"start":{"line":58,"column":1},"end":{"line":58,"column":1}}]},"4":{"line":69,"type":"if","locations":[{"start":{"line":69,"column":1},"end":{"line":69,"column":1}},{"start":{"line":69,"column":1},"end":{"line":69,"column":1}}]},"5":{"line":70,"type":"binary-expr","locations":[{"start":{"line":70,"column":12},"end":{"line":70,"column":19}},{"start":{"line":70,"column":23},"end":{"line":70,"column":25}}]},"6":{"line":72,"type":"if","locations":[{"start":{"line":72,"column":2},"end":{"line":72,"column":2}},{"start":{"line":72,"column":2},"end":{"line":72,"column":2}}]},"7":{"line":89,"type":"if","locations":[{"start":{"line":89,"column":1},"end":{"line":89,"column":1}},{"start":{"line":89,"column":1},"end":{"line":89,"column":1}}]},"8":{"line":99,"type":"cond-expr","locations":[{"start":{"line":99,"column":56},"end":{"line":99,"column":65}},{"start":{"line":99,"column":68},"end":{"line":99,"column":85}}]},"9":{"line":121,"type":"if","locations":[{"start":{"line":121,"column":1},"end":{"line":121,"column":1}},{"start":{"line":121,"column":1},"end":{"line":121,"column":1}}]},"10":{"line":142,"type":"if","locations":[{"start":{"line":142,"column":1},"end":{"line":142,"column":1}},{"start":{"line":142,"column":1},"end":{"line":142,"column":1}}]},"11":{"line":167,"type":"if","locations":[{"start":{"line":167,"column":1},"end":{"line":167,"column":1}},{"start":{"line":167,"column":1},"end":{"line":167,"column":1}}]},"12":{"line":172,"type":"if","locations":[{"start":{"line":172,"column":1},"end":{"line":172,"column":1}},{"start":{"line":172,"column":1},"end":{"line":172,"column":1}}]},"13":{"line":181,"type":"if","locations":[{"start":{"line":181,"column":2},"end":{"line":181,"column":2}},{"start":{"line":181,"column":2},"end":{"line":181,"column":2}}]},"14":{"line":197,"type":"if","locations":[{"start":{"line":197,"column":1},"end":{"line":197,"column":1}},{"start":{"line":197,"column":1},"end":{"line":197,"column":1}}]},"15":{"line":201,"type":"if","locations":[{"start":{"line":201,"column":1},"end":{"line":201,"column":1}},{"start":{"line":201,"column":1},"end":{"line":201,"column":1}}]},"16":{"line":229,"type":"if","locations":[{"start":{"line":229,"column":1},"end":{"line":229,"column":1}},{"start":{"line":229,"column":1},"end":{"line":229,"column":1}}]},"17":{"line":235,"type":"if","locations":[{"start":{"line":235,"column":0},"end":{"line":235,"column":0}},{"start":{"line":235,"column":0},"end":{"line":235,"column":0}}]},"18":{"line":241,"type":"if","locations":[{"start":{"line":241,"column":0},"end":{"line":241,"column":0}},{"start":{"line":241,"column":0},"end":{"line":241,"column":0}}]}},"code":["'use strict';","","var _barcodes = require('./barcodes/');","","var _barcodes2 = _interopRequireDefault(_barcodes);","","var _merge = require('./help/merge.js');","","var _merge2 = _interopRequireDefault(_merge);","","var _linearizeEncodings = require('./help/linearizeEncodings.js');","","var _linearizeEncodings2 = _interopRequireDefault(_linearizeEncodings);","","var _fixOptions = require('./help/fixOptions.js');","","var _fixOptions2 = _interopRequireDefault(_fixOptions);","","var _getRenderProperties = require('./help/getRenderProperties.js');","","var _getRenderProperties2 = _interopRequireDefault(_getRenderProperties);","","var _optionsFromStrings = require('./help/optionsFromStrings.js');","","var _optionsFromStrings2 = _interopRequireDefault(_optionsFromStrings);","","var _ErrorHandler = require('./exceptions/ErrorHandler.js');","","var _ErrorHandler2 = _interopRequireDefault(_ErrorHandler);","","var _exceptions = require('./exceptions/exceptions.js');","","var _defaults = require('./options/defaults.js');","","var _defaults2 = _interopRequireDefault(_defaults);","","function _interopRequireDefault(obj) { return obj && obj.__esModule ? obj : { default: obj }; }","","// The protype of the object returned from the JsBarcode() call","","","// Help functions","var API = function API() {};","","// The first call of the library API","// Will return an object with all barcodes calls and the data that is used","// by the renderers","","","// Default values","","","// Exceptions","// Import all the barcodes","var JsBarcode = function JsBarcode(element, text, options) {","\tvar api = new API();","","\tif (typeof element === \"undefined\") {","\t\tthrow Error(\"No element to render on was provided.\");","\t}","","\t// Variables that will be pased through the API calls","\tapi._renderProperties = (0, _getRenderProperties2.default)(element);","\tapi._encodings = [];","\tapi._options = _defaults2.default;","\tapi._errorHandler = new _ErrorHandler2.default(api);","","\t// If text is set, use the simple syntax (render the barcode directly)","\tif (typeof text !== \"undefined\") {","\t\toptions = options || {};","","\t\tif (!options.format) {","\t\t\toptions.format = autoSelectBarcode();","\t\t}","","\t\tapi.options(options)[options.format](text, options).render();","\t}","","\treturn api;","};","","// To make tests work TODO: remove","JsBarcode.getModule = function (name) {","\treturn _barcodes2.default[name];","};","","// Register all barcodes","for (var name in _barcodes2.default) {","\tif (_barcodes2.default.hasOwnProperty(name)) {","\t\t// Security check if the propery is a prototype property","\t\tregisterBarcode(_barcodes2.default, name);","\t}","}","function registerBarcode(barcodes, name) {","\tAPI.prototype[name] = API.prototype[name.toUpperCase()] = API.prototype[name.toLowerCase()] = function (text, options) {","\t\tvar api = this;","\t\treturn api._errorHandler.wrapBarcodeCall(function () {","\t\t\t// Ensure text is options.text","\t\t\toptions.text = typeof options.text === 'undefined' ? undefined : '' + options.text;","","\t\t\tvar newOptions = (0, _merge2.default)(api._options, options);","\t\t\tnewOptions = (0, _optionsFromStrings2.default)(newOptions);","\t\t\tvar Encoder = barcodes[name];","\t\t\tvar encoded = encode(text, Encoder, newOptions);","\t\t\tapi._encodings.push(encoded);","","\t\t\treturn api;","\t\t});","\t};","}","","// encode() handles the Encoder call and builds the binary string to be rendered","function encode(text, Encoder, options) {","\t// Ensure that text is a string","\ttext = \"\" + text;","","\tvar encoder = new Encoder(text, options);","","\t// If the input is not valid for the encoder, throw error.","\t// If the valid callback option is set, call it instead of throwing error","\tif (!encoder.valid()) {","\t\tthrow new _exceptions.InvalidInputException(encoder.constructor.name, text);","\t}","","\t// Make a request for the binary data (and other infromation) that should be rendered","\tvar encoded = encoder.encode();","","\t// Encodings can be nestled like [[1-1, 1-2], 2, [3-1, 3-2]","\t// Convert to [1-1, 1-2, 2, 3-1, 3-2]","\tencoded = (0, _linearizeEncodings2.default)(encoded);","","\t// Merge","\tfor (var i = 0; i < encoded.length; i++) {","\t\tencoded[i].options = (0, _merge2.default)(options, encoded[i].options);","\t}","","\treturn encoded;","}","","function autoSelectBarcode() {","\t// If CODE128 exists. Use it","\tif (_barcodes2.default[\"CODE128\"]) {","\t\treturn \"CODE128\";","\t}","","\t// Else, take the first (probably only) barcode","\treturn Object.keys(_barcodes2.default)[0];","}","","// Sets global encoder options","// Added to the api by the JsBarcode function","API.prototype.options = function (options) {","\tthis._options = (0, _merge2.default)(this._options, options);","\treturn this;","};","","// Will create a blank space (usually in between barcodes)","API.prototype.blank = function (size) {","\tvar zeroes = \"0\".repeat(size);","\tthis._encodings.push({ data: zeroes });","\treturn this;","};","","// Initialize JsBarcode on all HTML elements defined.","API.prototype.init = function () {","\t// Should do nothing if no elements where found","\tif (!this._renderProperties) {","\t\treturn;","\t}","","\t// Make sure renderProperies is an array","\tif (!Array.isArray(this._renderProperties)) {","\t\tthis._renderProperties = [this._renderProperties];","\t}","","\tvar renderProperty;","\tfor (var i in this._renderProperties) {","\t\trenderProperty = this._renderProperties[i];","\t\tvar options = (0, _merge2.default)(this._options, renderProperty.options);","","\t\tif (options.format == \"auto\") {","\t\t\toptions.format = autoSelectBarcode();","\t\t}","","\t\tthis._errorHandler.wrapBarcodeCall(function () {","\t\t\tvar text = options.value;","\t\t\tvar Encoder = _barcodes2.default[options.format.toUpperCase()];","\t\t\tvar encoded = encode(text, Encoder, options);","","\t\t\trender(renderProperty, encoded, options);","\t\t});","\t}","};","","// The render API call. Calls the real render function.","API.prototype.render = function () {","\tif (!this._renderProperties) {","\t\tthrow new _exceptions.NoElementException();","\t}","","\tif (Array.isArray(this._renderProperties)) {","\t\tfor (var i = 0; i < this._renderProperties.length; i++) {","\t\t\trender(this._renderProperties[i], this._encodings, this._options);","\t\t}","\t} else {","\t\trender(this._renderProperties, this._encodings, this._options);","\t}","","\treturn this;","};","","API.prototype._defaults = _defaults2.default;","","// Prepares the encodings and calls the renderer","function render(renderProperties, encodings, options) {","\tencodings = (0, _linearizeEncodings2.default)(encodings);","","\tfor (var i = 0; i < encodings.length; i++) {","\t\tencodings[i].options = (0, _merge2.default)(options, encodings[i].options);","\t\t(0, _fixOptions2.default)(encodings[i].options);","\t}","","\t(0, _fixOptions2.default)(options);","","\tvar Renderer = renderProperties.renderer;","\tvar renderer = new Renderer(renderProperties.element, encodings, options);","\trenderer.render();","","\tif (renderProperties.afterRender) {","\t\trenderProperties.afterRender();","\t}","}","","// Export to browser","if (typeof window !== \"undefined\") {","\twindow.JsBarcode = JsBarcode;","}","","// Export to jQuery","/*global jQuery */","if (typeof jQuery !== 'undefined') {","\tjQuery.fn.JsBarcode = function (content, options) {","\t\tvar elementArray = [];","\t\tjQuery(this).each(function () {","\t\t\telementArray.push(this);","\t\t});","\t\treturn JsBarcode(elementArray, content, options);","\t};","}","","// Export to commonJS","module.exports = JsBarcode;"],"l":{"3":1,"5":1,"7":1,"9":1,"11":1,"13":1,"15":1,"17":1,"19":1,"21":1,"23":1,"25":1,"27":1,"29":1,"31":1,"33":1,"35":1,"37":8,"43":1,"55":1,"56":0,"58":0,"59":0,"63":0,"64":0,"65":0,"66":0,"69":0,"70":0,"72":0,"73":0,"76":0,"79":0,"83":1,"84":0,"88":1,"89":20,"91":20,"94":1,"95":20,"96":0,"97":0,"99":0,"101":0,"102":0,"103":0,"104":0,"105":0,"107":0,"113":1,"115":0,"117":0,"121":0,"122":0,"126":0,"130":0,"133":0,"134":0,"137":0,"140":1,"142":0,"143":0,"147":0,"152":1,"153":0,"154":0,"158":1,"159":0,"160":0,"161":0,"165":1,"167":0,"168":0,"172":0,"173":0,"176":0,"177":0,"178":0,"179":0,"181":0,"182":0,"185":0,"186":0,"187":0,"188":0,"190":0,"196":1,"197":0,"198":0,"201":0,"202":0,"203":0,"206":0,"209":0,"212":1,"215":1,"216":0,"218":0,"219":0,"220":0,"223":0,"225":0,"226":0,"227":0,"229":0,"230":0,"235":1,"236":0,"241":1,"242":0,"243":0,"244":0,"245":0,"247":0,"252":1}},"/home/travis/build/npmtest/node-npmtest-jsbarcode/node_modules/jsbarcode/bin/barcodes/index.js":{"path":"/home/travis/build/npmtest/node-npmtest-jsbarcode/node_modules/jsbarcode/bin/barcodes/index.js","s":{"1":1,"2":1,"3":1,"4":1,"5":1,"6":1,"7":1,"8":1,"9":1,"10":1,"11":1},"b":{},"f":{},"fnMap":{},"statementMap":{"1":{"start":{"line":3,"column":0},"end":{"line":5,"column":3}},"2":{"start":{"line":7,"column":0},"end":{"line":7,"column":33}},"3":{"start":{"line":9,"column":0},"end":{"line":9,"column":35}},"4":{"start":{"line":11,"column":0},"end":{"line":11,"column":37}},"5":{"start":{"line":13,"column":0},"end":{"line":13,"column":31}},"6":{"start":{"line":15,"column":0},"end":{"line":15,"column":30}},"7":{"start":{"line":17,"column":0},"end":{"line":17,"column":29}},"8":{"start":{"line":19,"column":0},"end":{"line":19,"column":43}},"9":{"start":{"line":21,"column":0},"end":{"line":21,"column":36}},"10":{"start":{"line":23,"column":0},"end":{"line":23,"column":51}},"11":{"start":{"line":25,"column":0},"end":{"line":35,"column":2}}},"branchMap":{},"code":["'use strict';","","Object.defineProperty(exports, \"__esModule\", {","\tvalue: true","});","","var _CODE = require('./CODE39/');","","var _CODE2 = require('./CODE128/');","","var _EAN_UPC = require('./EAN_UPC/');","","var _ITF = require('./ITF14/');","","var _ITF2 = require('./ITF/');","","var _MSI = require('./MSI/');","","var _pharmacode = require('./pharmacode/');","","var _codabar = require('./codabar');","","var _GenericBarcode = require('./GenericBarcode/');","","exports.default = {","\tCODE39: _CODE.CODE39,","\tCODE128: _CODE2.CODE128, CODE128A: _CODE2.CODE128A, CODE128B: _CODE2.CODE128B, CODE128C: _CODE2.CODE128C,","\tEAN13: _EAN_UPC.EAN13, EAN8: _EAN_UPC.EAN8, EAN5: _EAN_UPC.EAN5, EAN2: _EAN_UPC.EAN2, UPC: _EAN_UPC.UPC,","\tITF14: _ITF.ITF14,","\tITF: _ITF2.ITF,","\tMSI: _MSI.MSI, MSI10: _MSI.MSI10, MSI11: _MSI.MSI11, MSI1010: _MSI.MSI1010, MSI1110: _MSI.MSI1110,","\tpharmacode: _pharmacode.pharmacode,","\tcodabar: _codabar.codabar,","\tGenericBarcode: _GenericBarcode.GenericBarcode","};"],"l":{"3":1,"7":1,"9":1,"11":1,"13":1,"15":1,"17":1,"19":1,"21":1,"23":1,"25":1}},"/home/travis/build/npmtest/node-npmtest-jsbarcode/node_modules/jsbarcode/bin/barcodes/CODE39/index.js":{"path":"/home/travis/build/npmtest/node-npmtest-jsbarcode/node_modules/jsbarcode/bin/barcodes/CODE39/index.js","s":{"1":1,"2":1,"3":1,"4":1,"5":1,"6":1,"7":1,"8":0,"9":0,"10":1,"11":0,"12":0,"13":0,"14":1,"15":1,"16":0,"17":1,"18":1,"19":1,"20":1,"21":1,"22":1,"23":0,"24":0,"25":0,"26":0,"27":0,"28":1,"29":0,"30":0,"31":0,"32":0,"33":0,"34":1,"35":0,"36":1,"37":1,"38":1,"39":1,"40":0,"41":1,"42":0,"43":1,"44":0,"45":1,"46":0,"47":1,"48":0,"49":0,"50":0,"51":0,"52":0,"53":1},"b":{"1":[1,0],"2":[1,1],"3":[0,0],"4":[0,0],"5":[0,0],"6":[0,0,0],"7":[0,1],"8":[1,0],"9":[1,1],"10":[1,0],"11":[1,0],"12":[0,0]},"f":{"1":1,"2":0,"3":0,"4":1,"5":1,"6":0,"7":0,"8":0,"9":0,"10":0,"11":0,"12":0,"13":0},"fnMap":{"1":{"name":"_interopRequireDefault","line":12,"loc":{"start":{"line":12,"column":0},"end":{"line":12,"column":37}}},"2":{"name":"_classCallCheck","line":14,"loc":{"start":{"line":14,"column":0},"end":{"line":14,"column":48}}},"3":{"name":"_possibleConstructorReturn","line":16,"loc":{"start":{"line":16,"column":0},"end":{"line":16,"column":48}}},"4":{"name":"_inherits","line":18,"loc":{"start":{"line":18,"column":0},"end":{"line":18,"column":41}}},"5":{"name":"(anonymous_5)","line":21,"loc":{"start":{"line":21,"column":13},"end":{"line":21,"column":33}}},"6":{"name":"CODE39","line":24,"loc":{"start":{"line":24,"column":1},"end":{"line":24,"column":32}}},"7":{"name":"encode","line":37,"loc":{"start":{"line":37,"column":27},"end":{"line":37,"column":45}}},"8":{"name":"valid","line":55,"loc":{"start":{"line":55,"column":26},"end":{"line":55,"column":43}}},"9":{"name":"getEncoding","line":73,"loc":{"start":{"line":73,"column":0},"end":{"line":73,"column":32}}},"10":{"name":"getBinary","line":77,"loc":{"start":{"line":77,"column":0},"end":{"line":77,"column":35}}},"11":{"name":"getCharacter","line":81,"loc":{"start":{"line":81,"column":0},"end":{"line":81,"column":38}}},"12":{"name":"characterValue","line":85,"loc":{"start":{"line":85,"column":0},"end":{"line":85,"column":35}}},"13":{"name":"mod43checksum","line":89,"loc":{"start":{"line":89,"column":0},"end":{"line":89,"column":29}}}},"statementMap":{"1":{"start":{"line":3,"column":0},"end":{"line":5,"column":3}},"2":{"start":{"line":6,"column":0},"end":{"line":6,"column":27}},"3":{"start":{"line":8,"column":0},"end":{"line":8,"column":41}},"4":{"start":{"line":10,"column":0},"end":{"line":10,"column":50}},"5":{"start":{"line":12,"column":0},"end":{"line":12,"column":95}},"6":{"start":{"line":12,"column":39},"end":{"line":12,"column":93}},"7":{"start":{"line":14,"column":0},"end":{"line":14,"column":153}},"8":{"start":{"line":14,"column":50},"end":{"line":14,"column":151}},"9":{"start":{"line":14,"column":92},"end":{"line":14,"column":149}},"10":{"start":{"line":16,"column":0},"end":{"line":16,"column":240}},"11":{"start":{"line":16,"column":50},"end":{"line":16,"column":151}},"12":{"start":{"line":16,"column":63},"end":{"line":16,"column":149}},"13":{"start":{"line":16,"column":152},"end":{"line":16,"column":238}},"14":{"start":{"line":18,"column":0},"end":{"line":18,"column":494}},"15":{"start":{"line":18,"column":43},"end":{"line":18,"column":208}},"16":{"start":{"line":18,"column":106},"end":{"line":18,"column":206}},"17":{"start":{"line":18,"column":209},"end":{"line":18,"column":373}},"18":{"start":{"line":18,"column":374},"end":{"line":18,"column":492}},"19":{"start":{"line":18,"column":390},"end":{"line":18,"column":492}},"20":{"start":{"line":21,"column":0},"end":{"line":60,"column":21}},"21":{"start":{"line":22,"column":1},"end":{"line":22,"column":29}},"22":{"start":{"line":24,"column":1},"end":{"line":35,"column":2}},"23":{"start":{"line":25,"column":2},"end":{"line":25,"column":32}},"24":{"start":{"line":27,"column":2},"end":{"line":27,"column":28}},"25":{"start":{"line":30,"column":2},"end":{"line":32,"column":3}},"26":{"start":{"line":31,"column":3},"end":{"line":31,"column":45}},"27":{"start":{"line":34,"column":2},"end":{"line":34,"column":78}},"28":{"start":{"line":37,"column":1},"end":{"line":53,"column":3}},"29":{"start":{"line":39,"column":2},"end":{"line":39,"column":32}},"30":{"start":{"line":42,"column":2},"end":{"line":44,"column":3}},"31":{"start":{"line":43,"column":3},"end":{"line":43,"column":45}},"32":{"start":{"line":47,"column":2},"end":{"line":47,"column":29}},"33":{"start":{"line":49,"column":2},"end":{"line":52,"column":4}},"34":{"start":{"line":55,"column":1},"end":{"line":57,"column":3}},"35":{"start":{"line":56,"column":2},"end":{"line":56,"column":62}},"36":{"start":{"line":59,"column":1},"end":{"line":59,"column":15}},"37":{"start":{"line":65,"column":0},"end":{"line":65,"column":238}},"38":{"start":{"line":69,"column":0},"end":{"line":69,"column":325}},"39":{"start":{"line":73
[...]
e = require('run-sequence');","var fs = require('fs');","","var settings = require('./settings.json');","var shared = require('./shared.js');","","gulp.task(\"clean\", function(){","\treturn gulp.src([\"bin/\", \"dist/\"], {read: false})","\t\t.pipe(clean());","});","","","gulp.task(\"babel\", function () {","\treturn babelFunc();","});","","","function babelFunc(){","\treturn gulp.src(\"src/**/*\")","\t\t.pipe(babel({","\t\t\tpresets: ['es2015'],","\t\t\tplugins: [[\"transform-es2015-classes\", {loose: true}]]","\t\t}))","\t\t.pipe(gulp.dest(\"bin/\"));","}","","","gulp.task(\"webpack\", [\"babel\"], function () {","\treturn webpackFunc();","});","","","function webpackFunc(){","\treturn gulp.src('bin/JsBarcode.js')","\t\t.pipe(gulpWebpack(","\t\t\t{","\t\t\t\toutput: {","\t\t\t\t\tfilename: 'JsBarcode.all.js'","\t\t\t\t}","\t\t\t}","\t\t, webpack))","\t\t.pipe(gulp.dest(\"dist/\"));","}","","","gulp.task(\"webpack-min\", [\"babel\"], function () {","\treturn webpackMin('all');","});","","","function webpackMin(name, dest){","\tdest = dest || './';","\treturn gulp.src('bin/JsBarcode.js')","\t\t.pipe(gulpWebpack(","\t\t\t{","\t\t\t\toutput: {","\t\t\t\t\tfilename: shared.minifiedFilename(name)","\t\t\t\t},","\t\t\t\tplugins: [new webpack.optimize.UglifyJsPlugin()]","\t\t\t}","\t\t, webpack))","\t\t.pipe(header(settings.banner, require(settings.baseDir + 'package.json') ))","\t\t.pipe(gulp.dest(\"dist/\" + dest));","}","","","gulp.task(\"webpack-all\", function (cb) {","\tvar barcodes = require('./barcode-building.json');","","\t// Move the real barcodes/index.js out of the way while compiling the individual barcodes","\tfs.renameSync(\"src/barcodes/index.js\", \"src/barcodes/index.tmp.js\");","","\t// Take a barcode from the barcodes array, call the functions to compile that","\t// format and have a callback when it has finished.","\tfunction loopBarcode(i){","\t\tif(i < barcodes.length){","\t\t\tcreateBarcodeInclude(barcodes[i], function(){","\t\t\t\tloopBarcode(i + 1);","\t\t\t});","\t\t}","\t\telse{","\t\t\tfs.renameSync(\"src/barcodes/index.tmp.js\", \"src/barcodes/index.js\");","\t\t\tcb(); // Done","\t\t}","\t}","","\tloopBarcode(0);","});","","","// Takes information about a barcode formatSize","// Modifies the barcodes/index.js file to only import the specified format","// and then does a recompilation and minifies everything with webpack","function createBarcodeInclude(barcode, callback){","\tvar toFile = \"\";","\ttoFile += \"import {\" + barcode.names + \"} from '\" + barcode.barcodeFile + \"'\";","\ttoFile += \"\\n\";","\ttoFile += \"export default {\" + barcode.names + \"}\";","","\t// Write a new barcodes/index file that only includes the specified barcode","\tfs.writeFile(\"src/barcodes/index.js\", toFile, function(){","\t\t// Remove the compiled barcodes/index file (if it exist)","\t\tif(fs.existsSync(\"bin/barcodes/index.js\")){","\t\t\tfs.unlinkSync(\"bin/barcodes/index.js\");","\t\t}","\t\t// Re-compile with babel and webpack everything","\t\tbabelFunc().on('end', function(){","\t\t\twebpackMin(barcode.name, 'barcodes/').on('end', callback);","\t\t});","\t});","}","","","gulp.task('compress', function(cb) {","\trunSequence(","\t\t\"clean\",","\t\t\"webpack-all\",","\t\t\"webpack\",","\t\t\"webpack-min\",","\t\tcb","\t);","});","","gulp.task('compile', ['babel']);","","gulp.task('compile-web', ['webpack']);",""],"l":{"1":2,"2":0,"3":0,"4":0,"5":0,"6":0,"7":0,"8":0,"10":0,"11":0,"13":0,"14":0,"19":0,"20":0,"24":1,"25":0,"34":0,"35":0,"39":1,"40":0,"52":0,"53":0,"57":1,"58":0,"59":0,"73":0,"74":0,"77":0,"81":1,"82":0,"83":0,"84":0,"88":0,"89":0,"93":0,"100":1,"101":0,"102":0,"103":0,"104":0,"107":0,"109":0,"110":0,"113":0,"114":0,"120":0,"121":0,"130":0,"132":0}},"/home/travis/build/npmtest/node-npmtest-jsbarcode/node_modules/jsbarcode/automation/linting.js":{"path":"/home/travis/build/npmtest/node-npmtest-jsbarcode/node_modules/jsbarcode/automation/linting.js","s":{"1":2,"2":0,"3":0,"4":0},"b":{},"f":{"1":0},"fnMap":{"1":{"name":"(anonymous_1)","line":4,"loc":{"start":{"line":4,"column":18},"end":{"line":4,"column":30}}}},"statementMap":{"1":{"start":{"line":1,"column":0},"end":{"line":1,"column":27}},"2":{"start":{"line":2,"column":0},"end":{"line":2,"column":36}},"3":{"start":{"line":4,"column":0},"end":{"line":9,"column":3}},"4":{"start":{"line":5,"column":1},"end":{"line":8,"column":33}}},"branchMap":{},"code":["var gulp = require('gulp');","var eslint = require('gulp-eslint');","","gulp.task(\"lint\", function () {","\treturn gulp.src(['src/**/*.js'])","\t\t.pipe(eslint())","\t\t.pipe(eslint.format())","\t\t.pipe(eslint.failAfterError());","});",""],"l":{"1":2,"2":0,"4":0,"5":0}},"/home/travis/build/npmtest/node-npmtest-jsbarcode/node_modules/jsbarcode/automation/misc.js":{"path":"/home/travis/build/npmtest/node-npmtest-jsbarcode/node_modules/jsbarcode/automation/misc.js","s":{"1":2,"2":0,"3":0,"4":0,"5":0,"6":0,"7":0,"8":0,"9":0,"10":0,"11":0,"12":0,"13":0,"14":0,"15":0},"b":{"1":[0,0],"2":[0,0]},"f":{"1":0,"2":0},"fnMap":{"1":{"name":"(anonymous_1)","line":7,"loc":{"start":{"line":7,"column":22},"end":{"line":7,"column":40}}},"2":{"name":"(anonymous_2)","line":12,"loc":{"start":{"line":12,"column":4},"end":{"line":12,"column":37}}}},"statementMap":{"1":{"start":{"line":3,"column":0},"end":{"line":3,"column":27}},"2":{"start":{"line":4,"column":0},"end":{"line":4,"column":33}},"3":{"start":{"line":5,"column":0},"end":{"line":5,"column":23}},"4":{"start":{"line":7,"column":0},"end":{"line":30,"column":3}},"5":{"start":{"line":8,"column":1},"end":{"line":8,"column":34}},"6":{"start":{"line":9,"column":1},"end":{"line":29,"column":4}},"7":{"start":{"line":13,"column":2},"end":{"line":28,"column":3}},"8":{"start":{"line":14,"column":3},"end":{"line":14,"column":54}},"9":{"start":{"line":15,"column":3},"end":{"line":15,"column":37}},"10":{"start":{"line":17,"column":3},"end":{"line":18,"column":59}},"11":{"start":{"line":20,"column":3},"end":{"line":20,"column":49}},"12":{"start":{"line":22,"column":3},"end":{"line":22,"column":42}},"13":{"start":{"line":23,"column":3},"end":{"line":23,"column":14}},"14":{"start":{"line":26,"column":3},"end":{"line":26,"column":56}},"15":{"start":{"line":27,"column":3},"end":{"line":27,"column":14}}},"branchMap":{"1":{"line":13,"type":"if","locations":[{"start":{"line":13,"column":2},"end":{"line":13,"column":2}},{"start":{"line":13,"column":2},"end":{"line":13,"column":2}}]},"2":{"line":13,"type":"binary-expr","locations":[{"start":{"line":13,"column":6},"end":{"line":13,"column":12}},{"start":{"line":13,"column":16},"end":{"line":13,"column":43}}]}},"code":["/*eslint no-console: 0 */","","var gulp = require('gulp');","var request = require('request');","var fs = require('fs');","","gulp.task('jsdelivr', function(callback){","\tconsole.log(\"Making request...\");","\trequest({","\t\turl: \"https://api.jsdelivr.com/v1/jsdelivr/libraries?name=jsbarcode\",","\t\tjson: true","\t}, function (error, response, body) {","\t\tif (!error && response.statusCode === 200) {","\t\t\tvar readme = fs.readFileSync('README.md', \"utf-8\");","\t\t\tvar version = body[0].lastversion;","","\t\t\treadme = readme.replace(/https:\\/\\/cdn\\.jsdelivr\\.net\\/jsbarcode\\/[0-9]+\\.[0-9]+\\.[0-9]+\\//g,","\t\t\t\t\"https://cdn.jsdelivr.net/jsbarcode/\" + version + \"/\");","","\t\t\tfs.writeFileSync('README.md', readme, 'utf8');","","\t\t\tconsole.log(\"New version: \" + version);","\t\t\tcallback();","\t\t}","\t\telse{","\t\t\tconsole.error(\"Failed to make jsdelivr api request\");","\t\t\tcallback();","\t\t}","\t});","});",""],"l":{"3":2,"4":0,"5":0,"7":0,"8":0,"9":0,"13":0,"14":0,"15":0,"17":0,"20":0,"22":0,"23":0,"26":0,"27":0}},"/home/travis/build/npmtest/node-npmtest-jsbarcode/node_modules/jsbarcode/automation/releasing.js":{"path":"/home/travis/build/npmtest/node-npmtest-jsbarcode/node_modules/jsbarcode/automation/releasing.js","s":{"1":2,"2":0,"3":0,"4":0,"5":0,"6":0,"7":0,"8":0,"9":0,"10":0,"11":0,"12":0,"13":0,"14":0,"15":0,"16":0,"17":0,"18":0,"19":0,"20":0,"21":0,"22":0,"23":0,"24":0,"25":0,"26":0,"27":0,"28":0,"29":0,"30":0,"31":0,"32":0,"33":0,"34":0,"35":0,"36":0,"37":0,"38":0,"39":0,"40":1,"41":0,"42":0,"43":0,"44":1,"45":0,"46":0,"47":0,"48":0,"49":0,"50":0,"51":0,"52":0,"53":0,"54":0,"55":0,"56":0,"57":0,"58":0,"59":0,"60":1,"61":0,"62":0},"b":{"1":[0,0]},"f":{"1":0,"2":0,"3":0,"4":0,"5":0,"6":0,"7":0,"8":0,"9":0,"10":0,"11":0,"12":0,"13":0,"14":0,"15":0,"16":0},"fnMap":{"1":{"name":"(anonymous_1)","line":17,"loc":{"start":{"line":17,"column":39},"end":{"line":17,"column":51}}},"2":{"name":"(anonymous_2)","line":28,"loc":{"start":{"line":28,"column":30},"end":{"line":28,"column":40}}},"3":{"name":"(anonymous_3)","line":29,"loc":{"start":{"line":29,"column":22},"end":{"line":29,"column":32}}},"4":{"name":"(anonymous_4)","line":37,"loc":{"start":{"line":37,"column":24},"end":{"line":37,"column":34}}},"5":{"name":"(anonymous_5)","line":44,"loc":{"start":{"line":44,"column":24},"end":{"line":44,"column":34}}},"6":{"name":"(anonymous_6)","line":51,"loc":{"start":{"line":51,"column":24},"end":{"line":51,"column":34}}},"7":{"name":"(anonymous_7)","line":58,"loc":{"start":{"line":58,"column":17},"end":{"line":58,"column":33}}},"8":{"name":"(anonymous_8)","line":64,"loc":{"start":{"line":64,"column":28},"end":{"line":64,"column":43}}},"9":{"name":"(anonymous_9)","line":81,"loc":{"start":{"line":81,"column":31},"end":{"line":81,"column":49}}},"10":{"name":"(anonymous_10)","line":91,"loc":{"start":{"line":91,"column":19},"end":{"line":91,"column":29}}},"11":{"name":"(anonymous_11)","line":100,"loc":{"start":{"line":100,"column":19},"end":{"line":100,"column":29}}},"12":{"name":"(anonymous_12)","line":109,"loc":{"start":{"line":109,"column":19},"end":{"line":109,"column":29}}},"13":{"name":"releaseDone","line":117,"loc":{"start":{"line":117,"column":0},"end":{"line":117,"column":29}}},"14":{"name":"updateReadmeFileSizes","line":127,"loc":{"start":{"line":127,"column":0},"end":{"line":127,"column":32}}},"15":{"name":"(anonymous_15)","line":155,"loc":{"start":{"line":155,"column":16},"end":{"line":155,"column":28}}},"16":{"name":"formatSize","line":159,"loc":{"start":{"line":159,"column":0},"end":{"line":159,"column":26}}}},"statementMap":{"1":{"start":{"line":5,"column":0},"end":{"line":5,"column":27}},"2":{"start":{"line":6,"column":0},"end":{"line":6,"column":32}},"3":{"start":{"line":7,"column":0},"end":{"line":7,"column":30}},"4":{"start":{"line":8,"column":0},"end":{"line":8,"column":48}},"5":{"start":{"line":9,"column":0},"end":{"line":9,"column":36}},"6":{"start":{"line":10,"column":0},"end":{"line":10,"column":42}},"7":{"start":{"line":11,"column":0},"end":{"line":11,"column":23}},"8":{"start":{"line":13,"column":0},"end":{"line":13,"column":42}},"9":{"start":{"line":14,"column":0},"end":{"line":14,"column":36}},"10":{"start":{"line":17,"column":0},"end":{"line":33,"column":3}},"11":{"start":{"line":18,"column":1},"end":{"line":18,"column":54}},"12":{"start":{"line":19,"column":1},"end":{"line":19,"column":27}},"13":{"start":{"line":20,"column":1},"end":{"line":20,"column":40}},"14":{"start":{"line":22,"column":1},"end":{"line":22,"column":25}},"15":{"start":{"line":24,"column":1},"end":{"line":26,"column":29}},"16":{"start":{"line":28,"column":1},"end":{"line":32,"column":4}},"17":{"start":{"line":29,"column":2},"end":{"line":31,"column":5}},"18":{"start":{"line":30,"column":3},"end":{"line":30,"column":54}},"19":{"start":{"line":37,"column":0},"end":{"line":41,"column":3}},"20":{"start":{"line":38,"column":1},"end":{"line":40,"column":25}},"21":{"start":{"line":44,"column":0},"end":{"line":48,"column":3}},"22":{"start":{"line":45,"column":1},"end":{"line":47,"column":25}},"23":{"start":{"line":51,"column":0},"end":{"line":55,"column":3}},"24":{"start":{"line":52,"column":1},"end":{"line":54,"column":25}},"25":{"start":{"line":58,"column":0},"end":{"line":61,"column":3}},"26":{"start":{"line":59,"column":1},"end":{"line":60,"column":21}},"27":{"start":{"line":64,"column":0},"end":{"line":77,"column":3}},"28":{"start":{"line":65,"column":1},"end":{"line":65,"column":56}},"29":{"start":{"line":66,"column":1},"end":{"line":66,"column":27}},"30":{"start":{"line":67,"column":1},"end":{"line":67,"column":29}},"31":{"start":{"line":69,"column":1},"end":{"line":76,"column":10}},"32":{"start":{"line":81,"column":0},"end":{"line":88,"column":3}},"33":{"start":{"line":82,"column":1},"end":{"line":87,"column":3}},"34":{"start":{"line":91,"column":0},"end":{"line":97,"column":3}},"35":{"start":{"line":92,"column":1},"end":{"line":96,"column":3}},"36":{"start":{"line":100,"column":0},"end":{"line":106,"column":3}},"37":{"start":{"line":101,"column":1},"end":{"line":105,"column":3}},"38":{"start":{"line":109,"column":0},"end":{"line":115,"column":3}},"39":{"start":{"line":110,"column":1},"end":{"line":114,"column":3}},"40":{"start":{"line":117,"column":0},"end":{"line":124,"column":1}},"41":{"start":{"line":118,"column":1},"end":{"line":123,"column":2}},"42":{"start":{"line":119,"column":2},"end":{"line":119,"column":29}},"43":{"start":{"line":122,"column":2},"end":{"line":122,"column":29}},"44":{"start":{"line":127,"column":0},"end":{"line":151,"column":1}},"45":{"start":{"line":128,"column":1},"end":{"line":128,"column":48}},"46":{"start":{"line":129,"column":1},"end":{"line":129,"column":52}},"47":{"start":{"line":132,"column":1},"end":{"line":132,"column":60}},"48":{"start":{"line":133,"column":1},"end":{"line":133,"column":42}},"49":{"start":{"line":135,"column":1},"end":{"line":135,"column":89}},"50":{"start":{"line":136,"column":1},"end":{"line":136,"column":81}},"51":{"start":{"line":139,"column":1},"end":{"line":148,"column":2}},"52":{"start":{"line":140,"column":2},"end":{"line":140,"column":56}},"53":{"start":{"line":142,"column":2},"end":{"line":142,"column":62}},"54":{"start":{"line":143,"column":2},"end":{"line":143,"column":45}},"55":{"start":{"line":145,"column":2},"end":{"line":145,"column":93}},"56":{"start":{"line":147,"column":2},"end":{"line":147,"column":82}},"57":{"start":{"line":150,"column":1},"end":{"line":150,"column":47}},"58":{"start":{"line":155,"column":0},"end":{"line":157,"column":2}},"59":{"start":{"line":156,"column":1},"end":{"line":156,"column":52}},"60":{"start":{"line":159,"column":0},"end":{"line":163,"column":1}},"61":{"start":{"line":160,"column":1},"end":{"line":160,"column":52}},"62":{"start":{"line":162,"column":1},"end":{"line":162,"column":26}}},"branchMap":{"1":{"line":118,"type":"if","locations":[{"start":{"line":118,"column":1},"end":{"line":118,"column":1}},{"start":{"line":118,"column":1},"end":{"line":118,"column":1}}]}},"code":["/*eslint","no-console: 0","*/","","var gulp = require('gulp');","var bump = require('gulp-bump');","var git = require('gulp-git');","var publishRelease = require('publish-release');","var gzipSize = require('gzip-size');","var runSequence = require('run-sequence');","var fs = require('fs');","","var settings = require('./settings.json');","var shared = require('./shared.js');","","","gulp.task('git-release', ['compress'], function(cb){","\tvar pkg = require(settings.baseDir + 'package.json');","\tvar v = 'v' + pkg.version;","\tvar message = ':package: Release ' + v;","","\tupdateReadmeFileSizes();","","\tgulp.src(['./package.json', './bower.json', './README.md', './bin/', './dist'])","\t\t.pipe(git.add({args: '--all --force'}))","\t\t.pipe(git.commit(message));","","\tgit.push('origin', 'master', function(){","\t\tgit.tag(v, message, function(){","\t\t\tgit.push('origin', 'master', {args: '--tags'}, cb);","\t\t});","\t});","});","","","// Bump (increase) the version number","gulp.task('bump-patch', function(){","\treturn gulp.src(['./package.json', './bower.json'])","\t\t.pipe(bump({type:'patch'}))","\t\t.pipe(gulp.dest('./'));","});","","","gulp.task('bump-minor', function(){","\treturn gulp.src(['./package.json', './bower.json'])","\t\t.pipe(bump({type:'minor'}))","\t\t.pipe(gulp.dest('./'));","});","","","gulp.task('bump-major', function(){","\treturn gulp.src(['./package.json', './bower.json'])","\t\t.pipe(bump({type:'major'}))","\t\t.pipe(gulp.dest('./'));","});","","","gulp.task('npm', function (done) {","\trequire('child_process').spawn('npm', ['publish'], { stdio: 'inherit' })","\t\t.on('close', done);","});","","","gulp.task('github-release', function(done) {","\tvar pkg = require(settings.baseDir + './package.json');","\tvar v = 'v' + pkg.version;","\tvar name = \"JsBarcode \" + v;","","\tpublishRelease({","\t\ttoken: process.env.GITHUB_TOKEN,","\t\towner: \"lindell\",","\t\trepo: \"JsBarcode\",","\t\ttag: v,","\t\tname: name,","\t\tassets: [__dirname + \"/\" + settings.baseDir + \"/dist/JsBarcode.all.min.js\", __dirname + \"/\" + settings.baseDir + \"/dist/JsBarcode.all.js\"]","\t}, done);","});","","","","gulp.task('release', ['lint'], function(callback){","\trunSequence(","\t\t'git-release',","\t\t'github-release',","\t\t'npm',","\t\tcallback","\t);","});","","","gulp.task('patch', function(){","\trunSequence(","\t\t'bump-patch',","\t\t'release',","\t\treleaseDone","\t);","});","","","gulp.task('minor', function(){","\trunSequence(","\t\t'bump-minor',","\t\t'release',","\t\treleaseDone","\t);","});","","","gulp.task('major', function(){","\trunSequence(","\t\t'bump-major',","\t\t'release',","\t\treleaseDone","\t);","});","","function releaseDone (error) {","\tif (error) {","\t\tconsole.log(error.message);","\t}","\telse {","\t\tconsole.log('Successful!');","\t}","}","","","function updateReadmeFileSizes(){","\tvar files = require('./barcode-building.json');","\tvar readme = fs.readFileSync('README.md', \"utf-8\");","","\t// Update .all files","\tvar allData = fs.readFileSync('dist/JsBarcode.all.min.js');","\tvar allFilesize = gzipSize.sync(allData);","","\tvar allRegexp = new RegExp('\\\\|[^\\\\|]*\\\\|([ \\\\t\\\\*]*\\\\[JsBarcode\\\\.all\\\\.min\\\\.js\\\\])');","\treadme = readme.replace(allRegexp, \"|  *\" + formatSize(allFilesize) + \"*  |$1\");","","\t// Update all barcodes files","\tfor(var i in files){","\t\tvar filename = shared.minifiedFilename(files[i].name);","","\t\tvar fileData = fs.readFileSync('dist/barcodes/' + filename);","\t\tvar fileFilesize = gzipSize.sync(fileData);","","\t\tvar fileRegexp = new RegExp('\\\\|[^\\\\|]*\\\\|([ \\\\t]*\\\\[' + RegExp.escape(filename) + '\\\\])');","","\t\treadme = readme.replace(fileRegexp, \"|  \" + formatSize(fileFilesize) + \"  |$1\");","\t}","","\tfs.writeFileSync('README.md', readme, 'utf8');","}","","","// Util functions","RegExp.escape = function(s) {","\treturn s.replace(/[-\\/\\\\^$*+?.()|[\\]{}]/g, '\\\\$&');","};","","function formatSize(bytes){","\tvar kilobytes = Math.round(bytes / 1024 * 10) / 10;","","\treturn kilobytes + \" kB\";","}",""],"l":{"5":2,"6":0,"7":0,"8":0,"9":0,"10":0,"11":0,"13":0,"14":0,"17":0,"18":0,"19":0,"20":0,"22":0,"24":0,"28":0,"29":0,"30":0,"37":0,"38":0,"44":0,"45":0,"51":0,"52":0,"58":0,"59":0,"64":0,"65":0,"66":0,"67":0,"69":0,"81":0,"82":0,"91":0,"92":0,"100":0,"101":0,"109":0,"110":0,"117":1,"118":0,"119":0,"122":0,"127":1,"128":0,"129":0,"132":0,"133":0,"135":0,"136":0,"139":0,"140":0,"142":0,"143":0,"145":0,"147":0,"150":0,"155":0,"156":0,"159":1,"160":0,"162":0}},"/home/travis/build/npmtest/node-npmtest-jsbarcode/node_modules/jsbarcode/automation/shared.js":{"path":"/home/travis/build/npmtest/node-npmtest-jsbarcode/node_modules/jsbarcode/automation/shared.js","s":{"1":1,"2":1,"3":0},"b":{},"f":{"1":0},"fnMap":{"1":{"name":"(anonymous_1)","line":3,"loc":{"start":{"line":3,"column":34},"end":{"line":3,"column":48}}}},"statementMap":{"1":{"start":{"line":1,"column":0},"end":{"line":1,"column":20}},"2":{"start":{"line":3,"column":0},"end":{"line":5,"column":2}},"3":{"start":{"line":4,"column":1},"end":{"line":4,"column":40}}},"branchMap":{},"code":["module.exports = {};","","module.exports.minifiedFilename = function(name){","\treturn \"JsBarcode.\" + name + \".min.js\";","};",""],"l":{"1":1,"3":1,"4":0}}}